#
# A fatal error has been detected by the Java Runtime Environment:
#
#  SIGSEGV (0xb) at pc=0x00007f7b5d6e7cd5, pid=16548, tid=0x00007f7b5d6dc440
#
# JRE version: OpenJDK Runtime Environment (8.0_252-b09) (build 1.8.0_252-8u252-b09-1ubuntu1-b09)
# Java VM: OpenJDK 64-Bit Server VM (25.252-b09 mixed mode linux-amd64 compressed oops)
# Problematic frame:
# C  [libpthread.so.0+0xacd5]  __pthread_clockjoin_ex+0x255
#
# Failed to write core dump. Core dumps have been disabled. To enable core dumping, try "ulimit -c unlimited" before starting Java again
#
# If you would like to submit a bug report, please visit:
#   http://bugreport.java.com/bugreport/crash.jsp
#

---------------  T H R E A D  ---------------

Current thread is native thread

siginfo: si_signo: 11 (SIGSEGV), si_code: 0 (SI_USER), sent from pid: 15826 (uid: 1000)

Registers:
RAX=0x00000000000000ca, RBX=0x00000000000000ca, RCX=0x00007f7b5d6e7cd7, RDX=0x00000000000040bb
RSP=0x00007ffcd07ed5c0, RBP=0x00007ffcd07ed668, RSI=0x0000000000000000, RDI=0x00007f7b5c6509d0
R8 =0x0000000000000000, R9 =0x00007f7b5c650700, R10=0x0000000000000000, R11=0x0000000000000246
R12=0x00000000000040bb, R13=0x00007f7b5c6509d0, R14=0x0000000000100000, R15=0x00007f7b5c650700
RIP=0x00007f7b5d6e7cd5, EFLAGS=0x0000000000000246, CSGSFS=0x002b000000000033, ERR=0x0000000000000000
  TRAPNO=0x0000000000000000

Top of Stack: (sp=0x00007ffcd07ed5c0)
0x00007ffcd07ed5c0:   0000000000000000 00007ffcd07ed5f0
0x00007ffcd07ed5d0:   0000000000000000 0000000000000000
0x00007ffcd07ed5e0:   0000000000000000 0000000000000000
0x00007ffcd07ed5f0:   00007f7b5d6e7a60 00007f7b5c650d28
0x00007ffcd07ed600:   0000000000000000 0000000000000000
0x00007ffcd07ed610:   0000000000000000 1e149ac05056c100
0x00007ffcd07ed620:   0000000000000000 00007f7b5d92d360
0x00007ffcd07ed630:   00007ffcd07ed6e0 00007ffcd07ed680
0x00007ffcd07ed640:   00007ffcd07ed700 0000000000100000
0x00007ffcd07ed650:   0000563dde694528 00007f7b5d932e55
0x00007ffcd07ed660:   00007f7b5c650700 0000000000000000
0x00007ffcd07ed670:   00007f7b5d92d360 00007ffcd07ed700
0x00007ffcd07ed680:   0000000000000000 0000000000000000
0x00007ffcd07ed690:   0000000000001000 0000000000000000
0x00007ffcd07ed6a0:   0000000000100000 0000000000000000
0x00007ffcd07ed6b0:   0000000000000000 1e149ac05056c100
0x00007ffcd07ed6c0:   00007ffcd07ed820 00007ffcd07f3062
0x00007ffcd07ed6d0:   0000000000000000 0000000000000001
0x00007ffcd07ed6e0:   00007ffcd07ed7a0 00007f7b5d92f00e
0x00007ffcd07ed6f0:   0000000100000000 00007ffcd07ed700
0x00007ffcd07ed700:   0000000000000001 0000563dde694528
0x00007ffcd07ed710:   0000000000000001 00007ffcd07f3062
0x00007ffcd07ed720:   00007f7b5d02f730 00007f7b5d02f6e0
0x00007ffcd07ed730:   00007f7b5d02f980 0000000000000000
0x00007ffcd07ed740:   0000000000000000 0000000000000000
0x00007ffcd07ed750:   0000000000000000 0000000000000000
0x00007ffcd07ed760:   00007ffcd07f3062 1e149ac05056c100
0x00007ffcd07ed770:   0000000000000000 0000000000000001
0x00007ffcd07ed780:   00007ffcd07f3062 0000563dde694528
0x00007ffcd07ed790:   0000000000000001 0000563dde694520
0x00007ffcd07ed7a0:   00007ffcd07f18a0 00007f7b5d930492
0x00007ffcd07ed7b0:   0000000000000000 00007f7b5d93045f 

Instructions: (pc=0x00007f7b5d6e7cd5)
0x00007f7b5d6e7cb5:   00 00 00 bb ca 00 00 00 eb 20 90 e8 1b 93 00 00
0x00007f7b5d6e7cc5:   45 31 d2 44 89 e2 31 f6 41 89 c0 4c 89 ef 89 d8
0x00007f7b5d6e7cd5:   0f 05 44 89 c7 e8 61 93 00 00 45 8b 65 00 45 85
0x00007f7b5d6e7ce5:   e4 75 d8 eb b6 66 0f 1f 44 00 00 4c 8b 3c 24 41 

Register to memory mapping:

RAX=0x00000000000000ca is an unknown value
RBX=0x00000000000000ca is an unknown value
RCX=0x00007f7b5d6e7cd7: <offset 0xacd7> in /lib/x86_64-linux-gnu/libpthread.so.0 at 0x00007f7b5d6dd000
RDX=0x00000000000040bb is an unknown value
RSP=0x00007ffcd07ed5c0 is an unknown value
RBP=0x00007ffcd07ed668 is an unknown value
RSI=0x0000000000000000 is an unknown value
RDI=0x00007f7b5c6509d0 is pointing into the stack for thread: 0x00007f7b58016000
R8 =0x0000000000000000 is an unknown value
R9 =0x00007f7b5c650700 is pointing into the stack for thread: 0x00007f7b58016000
R10=0x0000000000000000 is an unknown value
R11=0x0000000000000246 is an unknown value
R12=0x00000000000040bb is an unknown value
R13=0x00007f7b5c6509d0 is pointing into the stack for thread: 0x00007f7b58016000
R14=0x0000000000100000 is an unknown value
R15=0x00007f7b5c650700 is pointing into the stack for thread: 0x00007f7b58016000


Stack: [0x00007ffcd06f4000,0x00007ffcd07f4000],  sp=0x00007ffcd07ed5c0,  free space=997k
Native frames: (J=compiled Java code, j=interpreted, Vv=VM code, C=native code)
C  [libpthread.so.0+0xacd5]  __pthread_clockjoin_ex+0x255


---------------  P R O C E S S  ---------------

VM state:not at safepoint (normal execution)

VM Mutex/Monitor currently owned by a thread: None

heap address: 0x00000000c0000000, size: 1024 MB, Compressed Oops mode: 32-bit
Narrow klass base: 0x0000000000000000, Narrow klass shift: 3
Compressed class space size: 1073741824 Address: 0x0000000100000000

Heap:
 PSYoungGen      total 68608K, used 43977K [0x00000000eab00000, 0x00000000ef300000, 0x0000000100000000)
  eden space 63488K, 61% used [0x00000000eab00000,0x00000000ed168968,0x00000000ee900000)
  from space 5120K, 90% used [0x00000000eee00000,0x00000000ef289e68,0x00000000ef300000)
  to   space 5120K, 0% used [0x00000000ee900000,0x00000000ee900000,0x00000000eee00000)
 ParOldGen       total 84992K, used 104K [0x00000000c0000000, 0x00000000c5300000, 0x00000000eab00000)
  object space 84992K, 0% used [0x00000000c0000000,0x00000000c001a028,0x00000000c5300000)
 Metaspace       used 17473K, capacity 17648K, committed 17920K, reserved 1064960K
  class space    used 2472K, capacity 2534K, committed 2560K, reserved 1048576K

Card table byte_map: [0x00007f7b48dff000,0x00007f7b49000000] byte_map_base: 0x00007f7b487ff000

Marking Bits: (ParMarkBitMap*) 0x00007f7b5d6be3c0
 Begin Bits: [0x00007f7b469a6000, 0x00007f7b479a6000)
 End Bits:   [0x00007f7b479a6000, 0x00007f7b489a6000)

Polling page: 0x00007f7b5d969000

CodeCache: size=245760Kb used=4501Kb max_used=4501Kb free=241258Kb
 bounds [0x00007f7b49000000, 0x00007f7b49470000, 0x00007f7b58000000]
 total_blobs=1657 nmethods=1280 adapters=291
 compilation: enabled

Compilation events (10 events):
Event: 571,148 Thread 0x00007f7b580c9000 1277       1       java.util.concurrent.atomic.AtomicInteger::get (5 bytes)
Event: 571,148 Thread 0x00007f7b580c9000 nmethod 1277 0x00007f7b4945e9d0 code [0x00007f7b4945eb20, 0x00007f7b4945ec30]
Event: 901,148 Thread 0x00007f7b580c9000 1278       3       java.lang.Thread::interrupted (8 bytes)
Event: 901,148 Thread 0x00007f7b580c9000 nmethod 1278 0x00007f7b4945e5d0 code [0x00007f7b4945e740, 0x00007f7b4945e8c8]
Event: 1681,148 Thread 0x00007f7b580c9000 1279       1       java.util.concurrent.locks.AbstractOwnableSynchronizer::setExclusiveOwnerThread (6 bytes)
Event: 1681,148 Thread 0x00007f7b580c9000 nmethod 1279 0x00007f7b49467650 code [0x00007f7b494677a0, 0x00007f7b494678d0]
Event: 1891,148 Thread 0x00007f7b580c9000 1281       3       java.util.concurrent.locks.ReentrantLock$Sync::isHeldExclusively (16 bytes)
Event: 1891,148 Thread 0x00007f7b580c9000 nmethod 1281 0x00007f7b49467910 code [0x00007f7b49467a80, 0x00007f7b49467cd0]
Event: 1891,148 Thread 0x00007f7b580c9000 1280       3       java.util.concurrent.ThreadPoolExecutor::runStateOf (5 bytes)
Event: 1891,148 Thread 0x00007f7b580c9000 nmethod 1280 0x00007f7b49467d50 code [0x00007f7b49467ea0, 0x00007f7b49467fd0]

GC Heap History (8 events):
Event: 0,274 GC heap before
{Heap before GC invocations=1 (full 0):
 PSYoungGen      total 36864K, used 31744K [0x00000000eab00000, 0x00000000ed400000, 0x0000000100000000)
  eden space 31744K, 100% used [0x00000000eab00000,0x00000000eca00000,0x00000000eca00000)
  from space 5120K, 0% used [0x00000000ecf00000,0x00000000ecf00000,0x00000000ed400000)
  to   space 5120K, 0% used [0x00000000eca00000,0x00000000eca00000,0x00000000ecf00000)
 ParOldGen       total 84992K, used 0K [0x00000000c0000000, 0x00000000c5300000, 0x00000000eab00000)
  object space 84992K, 0% used [0x00000000c0000000,0x00000000c0000000,0x00000000c5300000)
 Metaspace       used 5533K, capacity 6796K, committed 7040K, reserved 1056768K
  class space    used 769K, capacity 840K, committed 896K, reserved 1048576K
Event: 0,277 GC heap after
Heap after GC invocations=1 (full 0):
 PSYoungGen      total 36864K, used 3580K [0x00000000eab00000, 0x00000000ed400000, 0x0000000100000000)
  eden space 31744K, 0% used [0x00000000eab00000,0x00000000eab00000,0x00000000eca00000)
  from space 5120K, 69% used [0x00000000eca00000,0x00000000ecd7f1a8,0x00000000ecf00000)
  to   space 5120K, 0% used [0x00000000ecf00000,0x00000000ecf00000,0x00000000ed400000)
 ParOldGen       total 84992K, used 8K [0x00000000c0000000, 0x00000000c5300000, 0x00000000eab00000)
  object space 84992K, 0% used [0x00000000c0000000,0x00000000c0002000,0x00000000c5300000)
 Metaspace       used 5533K, capacity 6796K, committed 7040K, reserved 1056768K
  class space    used 769K, capacity 840K, committed 896K, reserved 1048576K
}
Event: 0,450 GC heap before
{Heap before GC invocations=2 (full 0):
 PSYoungGen      total 36864K, used 35324K [0x00000000eab00000, 0x00000000ed400000, 0x0000000100000000)
  eden space 31744K, 100% used [0x00000000eab00000,0x00000000eca00000,0x00000000eca00000)
  from space 5120K, 69% used [0x00000000eca00000,0x00000000ecd7f1a8,0x00000000ecf00000)
  to   space 5120K, 0% used [0x00000000ecf00000,0x00000000ecf00000,0x00000000ed400000)
 ParOldGen       total 84992K, used 8K [0x00000000c0000000, 0x00000000c5300000, 0x00000000eab00000)
  object space 84992K, 0% used [0x00000000c0000000,0x00000000c0002000,0x00000000c5300000)
 Metaspace       used 9452K, capacity 9572K, committed 9856K, reserved 1058816K
  class space    used 1327K, capacity 1360K, committed 1408K, reserved 1048576K
Event: 0,455 GC heap after
Heap after GC invocations=2 (full 0):
 PSYoungGen      total 36864K, used 3907K [0x00000000eab00000, 0x00000000ef300000, 0x0000000100000000)
  eden space 31744K, 0% used [0x00000000eab00000,0x00000000eab00000,0x00000000eca00000)
  from space 5120K, 76% used [0x00000000ecf00000,0x00000000ed2d0fa0,0x00000000ed400000)
  to   space 5120K, 0% used [0x00000000eca00000,0x00000000eca00000,0x00000000ecf00000)
 ParOldGen       total 84992K, used 16K [0x00000000c0000000, 0x00000000c5300000, 0x00000000eab00000)
  object space 84992K, 0% used [0x00000000c0000000,0x00000000c0004000,0x00000000c5300000)
 Metaspace       used 9452K, capacity 9572K, committed 9856K, reserved 1058816K
  class space    used 1327K, capacity 1360K, committed 1408K, reserved 1048576K
}
Event: 0,653 GC heap before
{Heap before GC invocations=3 (full 0):
 PSYoungGen      total 36864K, used 35651K [0x00000000eab00000, 0x00000000ef300000, 0x0000000100000000)
  eden space 31744K, 100% used [0x00000000eab00000,0x00000000eca00000,0x00000000eca00000)
  from space 5120K, 76% used [0x00000000ecf00000,0x00000000ed2d0fa0,0x00000000ed400000)
  to   space 5120K, 0% used [0x00000000eca00000,0x00000000eca00000,0x00000000ecf00000)
 ParOldGen       total 84992K, used 16K [0x00000000c0000000, 0x00000000c5300000, 0x00000000eab00000)
  object space 84992K, 0% used [0x00000000c0000000,0x00000000c0004000,0x00000000c5300000)
 Metaspace       used 12097K, capacity 12196K, committed 12416K, reserved 1060864K
  class space    used 1769K, capacity 1808K, committed 1920K, reserved 1048576K
Event: 0,656 GC heap after
Heap after GC invocations=3 (full 0):
 PSYoungGen      total 36864K, used 4503K [0x00000000eab00000, 0x00000000ef300000, 0x0000000100000000)
  eden space 31744K, 0% used [0x00000000eab00000,0x00000000eab00000,0x00000000eca00000)
  from space 5120K, 87% used [0x00000000eca00000,0x00000000ece65ce0,0x00000000ecf00000)
  to   space 5120K, 0% used [0x00000000eee00000,0x00000000eee00000,0x00000000ef300000)
 ParOldGen       total 84992K, used 24K [0x00000000c0000000, 0x00000000c5300000, 0x00000000eab00000)
  object space 84992K, 0% used [0x00000000c0000000,0x00000000c0006000,0x00000000c5300000)
 Metaspace       used 12097K, capacity 12196K, committed 12416K, reserved 1060864K
  class space    used 1769K, capacity 1808K, committed 1920K, reserved 1048576K
}
Event: 0,885 GC heap before
{Heap before GC invocations=4 (full 0):
 PSYoungGen      total 36864K, used 36247K [0x00000000eab00000, 0x00000000ef300000, 0x0000000100000000)
  eden space 31744K, 100% used [0x00000000eab00000,0x00000000eca00000,0x00000000eca00000)
  from space 5120K, 87% used [0x00000000eca00000,0x00000000ece65ce0,0x00000000ecf00000)
  to   space 5120K, 0% used [0x00000000eee00000,0x00000000eee00000,0x00000000ef300000)
 ParOldGen       total 84992K, used 24K [0x00000000c0000000, 0x00000000c5300000, 0x00000000eab00000)
  object space 84992K, 0% used [0x00000000c0000000,0x00000000c0006000,0x00000000c5300000)
 Metaspace       used 15284K, capacity 15392K, committed 15616K, reserved 1062912K
  class space    used 2165K, capacity 2206K, committed 2304K, reserved 1048576K
Event: 0,891 GC heap after
Heap after GC invocations=4 (full 0):
 PSYoungGen      total 68608K, used 4647K [0x00000000eab00000, 0x00000000ef300000, 0x0000000100000000)
  eden space 63488K, 0% used [0x00000000eab00000,0x00000000eab00000,0x00000000ee900000)
  from space 5120K, 90% used [0x00000000eee00000,0x00000000ef289e68,0x00000000ef300000)
  to   space 5120K, 0% used [0x00000000ee900000,0x00000000ee900000,0x00000000eee00000)
 ParOldGen       total 84992K, used 104K [0x00000000c0000000, 0x00000000c5300000, 0x00000000eab00000)
  object space 84992K, 0% used [0x00000000c0000000,0x00000000c001a028,0x00000000c5300000)
 Metaspace       used 15284K, capacity 15392K, committed 15616K, reserved 1062912K
  class space    used 2165K, capacity 2206K, committed 2304K, reserved 1048576K
}

Deoptimization events (10 events):
Event: 0,344 Thread 0x00007f7b58016000 Uncommon trap: reason=bimorphic action=maybe_recompile pc=0x00007f7b491ef994 method=java.util.HashMap.getNode(ILjava/lang/Object;)Ljava/util/HashMap$Node; @ 126
Event: 0,356 Thread 0x00007f7b58016000 Uncommon trap: reason=bimorphic action=maybe_recompile pc=0x00007f7b491ef994 method=java.util.HashMap.getNode(ILjava/lang/Object;)Ljava/util/HashMap$Node; @ 126
Event: 0,356 Thread 0x00007f7b58016000 Uncommon trap: reason=bimorphic action=maybe_recompile pc=0x00007f7b491e1e14 method=java.util.HashMap.getNode(ILjava/lang/Object;)Ljava/util/HashMap$Node; @ 126
Event: 0,364 Thread 0x00007f7b58016000 Uncommon trap: reason=unstable_if action=reinterpret pc=0x00007f7b491fc3b8 method=java.lang.AbstractStringBuilder.append(Ljava/lang/String;)Ljava/lang/AbstractStringBuilder; @ 1
Event: 0,803 Thread 0x00007f7b58016000 Uncommon trap: reason=unstable_if action=reinterpret pc=0x00007f7b49245910 method=java.util.HashMap.getNode(ILjava/lang/Object;)Ljava/util/HashMap$Node; @ 62
Event: 0,804 Thread 0x00007f7b58016000 Uncommon trap: reason=unstable_if action=reinterpret pc=0x00007f7b4924389c method=java.util.HashMap.getNode(ILjava/lang/Object;)Ljava/util/HashMap$Node; @ 62
Event: 0,822 Thread 0x00007f7b58016000 Uncommon trap: reason=unstable_if action=reinterpret pc=0x00007f7b492d241c method=org.apache.xerces.impl.XMLEntityScanner.skipChar(I)Z @ 14
Event: 0,891 Thread 0x00007f7b58016000 Uncommon trap: reason=class_check action=maybe_recompile pc=0x00007f7b49333514 method=java.util.concurrent.ConcurrentHashMap.putVal(Ljava/lang/Object;Ljava/lang/Object;Z)Ljava/lang/Object; @ 192
Event: 0,892 Thread 0x00007f7b58016000 Uncommon trap: reason=class_check action=maybe_recompile pc=0x00007f7b49333514 method=java.util.concurrent.ConcurrentHashMap.putVal(Ljava/lang/Object;Ljava/lang/Object;Z)Ljava/lang/Object; @ 192
Event: 0,964 Thread 0x00007f7b58016000 Uncommon trap: reason=unstable_if action=reinterpret pc=0x00007f7b492826d4 method=java.util.regex.Pattern$Slice.match(Ljava/util/regex/Matcher;ILjava/lang/CharSequence;)Z @ 54

Classes redefined (0 events):
No events

Internal exceptions (10 events):
Event: 0,398 Thread 0x00007f7b58016000 Exception <a 'java/lang/ClassNotFoundException': org/apache/log4j/AppenderSkeletonCustomizer> (0x00000000ebdba098) thrown at [/build/openjdk-8-dVYQXe/openjdk-8-8u252-b09/src/hotspot/src/share/vm/classfile/systemDictionary.cpp, line 210]
Event: 0,400 Thread 0x00007f7b58016000 Exception <a 'java/lang/ClassNotFoundException': org/apache/log4j/WriterAppenderCustomizer> (0x00000000ebdfeef8) thrown at [/build/openjdk-8-dVYQXe/openjdk-8-8u252-b09/src/hotspot/src/share/vm/classfile/systemDictionary.cpp, line 210]
Event: 0,401 Thread 0x00007f7b58016000 Exception <a 'java/lang/ClassNotFoundException': org/apache/log4j/ConsoleAppenderCustomizer> (0x00000000ebe340f8) thrown at [/build/openjdk-8-dVYQXe/openjdk-8-8u252-b09/src/hotspot/src/share/vm/classfile/systemDictionary.cpp, line 210]
Event: 0,893 Thread 0x00007f7b58016000 Exception <a 'java/lang/NoSuchFieldError': method resolution failed> (0x00000000eab165e0) thrown at [/build/openjdk-8-dVYQXe/openjdk-8-8u252-b09/src/hotspot/src/share/vm/prims/methodHandles.cpp, line 1167]
Event: 0,894 Thread 0x00007f7b58016000 Exception <a 'java/lang/NoSuchFieldError': method resolution failed> (0x00000000eab23ca0) thrown at [/build/openjdk-8-dVYQXe/openjdk-8-8u252-b09/src/hotspot/src/share/vm/prims/methodHandles.cpp, line 1167]
Event: 0,964 Thread 0x00007f7b58016000 Exception <a 'java/io/FileNotFoundException'> (0x00000000eac01e38) thrown at [/build/openjdk-8-dVYQXe/openjdk-8-8u252-b09/src/hotspot/src/share/vm/prims/jni.cpp, line 710]
Event: 0,964 Thread 0x00007f7b58016000 Exception <a 'java/security/PrivilegedActionException'> (0x00000000eac02488) thrown at [/build/openjdk-8-dVYQXe/openjdk-8-8u252-b09/src/hotspot/src/share/vm/prims/jvm.cpp, line 1500]
Event: 0,964 Thread 0x00007f7b58016000 Exception <a 'java/lang/reflect/InvocationTargetException'> (0x00000000eac047b8) thrown at [/build/openjdk-8-dVYQXe/openjdk-8-8u252-b09/src/hotspot/src/share/vm/runtime/reflection.cpp, line 1090]
Event: 1,181 Thread 0x00007f7b58016000 Exception <a 'sun/nio/fs/UnixException'> (0x00000000ecf01570) thrown at [/build/openjdk-8-dVYQXe/openjdk-8-8u252-b09/src/hotspot/src/share/vm/prims/jni.cpp, line 710]
Event: 1,182 Thread 0x00007f7b58016000 Exception <a 'java/lang/reflect/InvocationTargetException'> (0x00000000ecf01c68) thrown at [/build/openjdk-8-dVYQXe/openjdk-8-8u252-b09/src/hotspot/src/share/vm/runtime/reflection.cpp, line 1090]

Events (10 events):
Event: 1,182 loading class java/lang/Throwable$PrintStreamOrWriter
Event: 1,182 loading class java/lang/Throwable$PrintStreamOrWriter done
Event: 1,182 loading class java/lang/Throwable$WrappedPrintStream done
Event: 1,182 loading class java/util/IdentityHashMap$KeySet
Event: 1,182 loading class java/util/IdentityHashMap$KeySet done
Event: 1,183 Thread 0x00007f7b58016000 Thread exited: 0x00007f7b58016000
Event: 1,183 Thread 0x00007f7b58016000 Thread added: 0x00007f7b58016000
Event: 4,074 Executing VM operation: EnableBiasedLocking
Event: 4,074 Executing VM operation: EnableBiasedLocking done
Event: 60,960 Thread 0x00007f7b5844e000 Thread exited: 0x00007f7b5844e000


Dynamic libraries:
c0000000-c5300000 rw-p 00000000 00:00 0 
c5300000-eab00000 ---p 00000000 00:00 0 
eab00000-ef300000 rw-p 00000000 00:00 0 
ef300000-100000000 ---p 00000000 00:00 0 
100000000-100280000 rw-p 00000000 00:00 0 
100280000-140000000 ---p 00000000 00:00 0 
563dddaa6000-563dddaa7000 r--p 00000000 08:05 2493850                    /usr/lib/jvm/java-8-openjdk-amd64/jre/bin/java
563dddaa7000-563dddaa8000 r-xp 00001000 08:05 2493850                    /usr/lib/jvm/java-8-openjdk-amd64/jre/bin/java
563dddaa8000-563dddaa9000 r--p 00002000 08:05 2493850                    /usr/lib/jvm/java-8-openjdk-amd64/jre/bin/java
563dddaa9000-563dddaaa000 r--p 00002000 08:05 2493850                    /usr/lib/jvm/java-8-openjdk-amd64/jre/bin/java
563dddaaa000-563dddaab000 rw-p 00003000 08:05 2493850                    /usr/lib/jvm/java-8-openjdk-amd64/jre/bin/java
563dde694000-563dde6d6000 rw-p 00000000 00:00 0                          [heap]
7f7b00000000-7f7b00021000 rw-p 00000000 00:00 0 
7f7b00021000-7f7b04000000 ---p 00000000 00:00 0 
7f7b04000000-7f7b04021000 rw-p 00000000 00:00 0 
7f7b04021000-7f7b08000000 ---p 00000000 00:00 0 
7f7b08000000-7f7b08021000 rw-p 00000000 00:00 0 
7f7b08021000-7f7b0c000000 ---p 00000000 00:00 0 
7f7b0c000000-7f7b0c021000 rw-p 00000000 00:00 0 
7f7b0c021000-7f7b10000000 ---p 00000000 00:00 0 
7f7b10000000-7f7b10221000 rw-p 00000000 00:00 0 
7f7b10221000-7f7b14000000 ---p 00000000 00:00 0 
7f7b14000000-7f7b14021000 rw-p 00000000 00:00 0 
7f7b14021000-7f7b18000000 ---p 00000000 00:00 0 
7f7b18000000-7f7b183b2000 rw-p 00000000 00:00 0 
7f7b183b2000-7f7b1c000000 ---p 00000000 00:00 0 
7f7b1c000000-7f7b1c35b000 rw-p 00000000 00:00 0 
7f7b1c35b000-7f7b20000000 ---p 00000000 00:00 0 
7f7b20000000-7f7b20021000 rw-p 00000000 00:00 0 
7f7b20021000-7f7b24000000 ---p 00000000 00:00 0 
7f7b24000000-7f7b24021000 rw-p 00000000 00:00 0 
7f7b24021000-7f7b28000000 ---p 00000000 00:00 0 
7f7b28000000-7f7b28021000 rw-p 00000000 00:00 0 
7f7b28021000-7f7b2c000000 ---p 00000000 00:00 0 
7f7b2c000000-7f7b2c021000 rw-p 00000000 00:00 0 
7f7b2c021000-7f7b30000000 ---p 00000000 00:00 0 
7f7b30000000-7f7b30081000 rw-p 00000000 00:00 0 
7f7b30081000-7f7b34000000 ---p 00000000 00:00 0 
7f7b34000000-7f7b34021000 rw-p 00000000 00:00 0 
7f7b34021000-7f7b38000000 ---p 00000000 00:00 0 
7f7b38000000-7f7b38021000 rw-p 00000000 00:00 0 
7f7b38021000-7f7b3c000000 ---p 00000000 00:00 0 
7f7b3d7c8000-7f7b3d7cb000 ---p 00000000 00:00 0 
7f7b3d7cb000-7f7b3d9c9000 rw-p 00000000 00:00 0 
7f7b3d9c9000-7f7b3dac9000 ---p 00000000 00:00 0 
7f7b3dac9000-7f7b3daca000 r--p 00000000 08:05 2493876                    /usr/lib/jvm/java-8-openjdk-amd64/jre/lib/amd64/libjaas_unix.so
7f7b3daca000-7f7b3dacb000 r-xp 00001000 08:05 2493876                    /usr/lib/jvm/java-8-openjdk-amd64/jre/lib/amd64/libjaas_unix.so
7f7b3dacb000-7f7b3dacc000 r--p 00002000 08:05 2493876                    /usr/lib/jvm/java-8-openjdk-amd64/jre/lib/amd64/libjaas_unix.so
7f7b3dacc000-7f7b3dacd000 r--p 00002000 08:05 2493876                    /usr/lib/jvm/java-8-openjdk-amd64/jre/lib/amd64/libjaas_unix.so
7f7b3dacd000-7f7b3dace000 rw-p 00003000 08:05 2493876                    /usr/lib/jvm/java-8-openjdk-amd64/jre/lib/amd64/libjaas_unix.so
7f7b3dace000-7f7b3dad1000 ---p 00000000 00:00 0 
7f7b3dad1000-7f7b3dbcf000 rw-p 00000000 00:00 0 
7f7b3dbcf000-7f7b3dbd2000 ---p 00000000 00:00 0 
7f7b3dbd2000-7f7b3de08000 rw-p 00000000 00:00 0 
7f7b3de08000-7f7b3e008000 rw-p 00000000 00:00 0 
7f7b3e008000-7f7b3e00a000 r--p 00000000 08:05 2367116                    /usr/lib/x86_64-linux-gnu/libnss_dns-2.31.so
7f7b3e00a000-7f7b3e00e000 r-xp 00002000 08:05 2367116                    /usr/lib/x86_64-linux-gnu/libnss_dns-2.31.so
7f7b3e00e000-7f7b3e00f000 r--p 00006000 08:05 2367116                    /usr/lib/x86_64-linux-gnu/libnss_dns-2.31.so
7f7b3e00f000-7f7b3e010000 r--p 00006000 08:05 2367116                    /usr/lib/x86_64-linux-gnu/libnss_dns-2.31.so
7f7b3e010000-7f7b3e011000 rw-p 00007000 08:05 2367116                    /usr/lib/x86_64-linux-gnu/libnss_dns-2.31.so
7f7b3e011000-7f7b3e015000 r--p 00000000 08:05 2367300                    /usr/lib/x86_64-linux-gnu/libresolv-2.31.so
7f7b3e015000-7f7b3e025000 r-xp 00004000 08:05 2367300                    /usr/lib/x86_64-linux-gnu/libresolv-2.31.so
7f7b3e025000-7f7b3e028000 r--p 00014000 08:05 2367300                    /usr/lib/x86_64-linux-gnu/libresolv-2.31.so
7f7b3e028000-7f7b3e029000 ---p 00017000 08:05 2367300                    /usr/lib/x86_64-linux-gnu/libresolv-2.31.so
7f7b3e029000-7f7b3e02a000 r--p 00017000 08:05 2367300                    /usr/lib/x86_64-linux-gnu/libresolv-2.31.so
7f7b3e02a000-7f7b3e02b000 rw-p 00018000 08:05 2367300                    /usr/lib/x86_64-linux-gnu/libresolv-2.31.so
7f7b3e02b000-7f7b3e02d000 rw-p 00000000 00:00 0 
7f7b3e02d000-7f7b3e02e000 r--p 00000000 08:05 2367124                    /usr/lib/x86_64-linux-gnu/libnss_mdns4_minimal.so.2
7f7b3e02e000-7f7b3e030000 r-xp 00001000 08:05 2367124                    /usr/lib/x86_64-linux-gnu/libnss_mdns4_minimal.so.2
7f7b3e030000-7f7b3e031000 r--p 00003000 08:05 2367124                    /usr/lib/x86_64-linux-gnu/libnss_mdns4_minimal.so.2
7f7b3e031000-7f7b3e032000 r--p 00003000 08:05 2367124                    /usr/lib/x86_64-linux-gnu/libnss_mdns4_minimal.so.2
7f7b3e032000-7f7b3e033000 rw-p 00004000 08:05 2367124                    /usr/lib/x86_64-linux-gnu/libnss_mdns4_minimal.so.2
7f7b3e037000-7f7b3e03b000 r--p 00000000 08:05 2493886                    /usr/lib/jvm/java-8-openjdk-amd64/jre/lib/amd64/libmanagement.so
7f7b3e03b000-7f7b3e03f000 r-xp 00004000 08:05 2493886                    /usr/lib/jvm/java-8-openjdk-amd64/jre/lib/amd64/libmanagement.so
7f7b3e03f000-7f7b3e041000 r--p 00008000 08:05 2493886                    /usr/lib/jvm/java-8-openjdk-amd64/jre/lib/amd64/libmanagement.so
7f7b3e041000-7f7b3e042000 r--p 00009000 08:05 2493886                    /usr/lib/jvm/java-8-openjdk-amd64/jre/lib/amd64/libmanagement.so
7f7b3e042000-7f7b3e043000 rw-p 0000a000 08:05 2493886                    /usr/lib/jvm/java-8-openjdk-amd64/jre/lib/amd64/libmanagement.so
7f7b3e043000-7f7b3e048000 r--s 000a7000 08:05 2493933                    /usr/lib/jvm/java-8-openjdk-amd64/jre/lib/jsse.jar
7f7b3e048000-7f7b3e248000 rw-p 00000000 00:00 0 
7f7b3e248000-7f7b3e289000 r--s 006c0000 08:05 12327778                   /home/eduard/anaconda3/envs/streaming/lib/python3.7/site-packages/pyspark/jars/mesos-1.4.0-shaded-protobuf.jar
7f7b3e289000-7f7b3e29d000 r--s 000ec000 08:05 12327744                   /home/eduard/anaconda3/envs/streaming/lib/python3.7/site-packages/pyspark/jars/parquet-jackson-1.10.1.jar
7f7b3e29d000-7f7b3e29e000 r--s 00003000 08:05 12327576                   /home/eduard/anaconda3/envs/streaming/lib/python3.7/site-packages/pyspark/jars/generex-1.0.2.jar
7f7b3e29e000-7f7b3e2a7000 r--s 0006f000 08:05 12327713                   /home/eduard/anaconda3/envs/streaming/lib/python3.7/site-packages/pyspark/jars/log4j-1.2.17.jar
7f7b3e2a7000-7f7b3e2b3000 r--s 00068000 08:05 12327711                   /home/eduard/anaconda3/envs/streaming/lib/python3.7/site-packages/pyspark/jars/scala-parser-combinators_2.11-1.1.0.jar
7f7b3e2b3000-7f7b3e2b6000 r--s 00014000 08:05 12327638                   /home/eduard/anaconda3/envs/streaming/lib/python3.7/site-packages/pyspark/jars/super-csv-2.2.0.jar
7f7b3e2b6000-7f7b3e2cf000 r--s 000f4000 08:05 12327745                   /home/eduard/anaconda3/envs/streaming/lib/python3.7/site-packages/pyspark/jars/parquet-column-1.10.1.jar
7f7b3e2cf000-7f7b3e2d0000 r--s 00008000 08:05 12327600                   /home/eduard/anaconda3/envs/streaming/lib/python3.7/site-packages/pyspark/jars/machinist_2.11-0.6.1.jar
7f7b3e2d0000-7f7b3e2d4000 r--s 00020000 08:05 12327658                   /home/eduard/anaconda3/envs/streaming/lib/python3.7/site-packages/pyspark/jars/commons-digester-1.8.jar
7f7b3e2d4000-7f7b3e2db000 r--s 00049000 08:05 12327697                   /home/eduard/anaconda3/envs/streaming/lib/python3.7/site-packages/pyspark/jars/httpcore-4.4.10.jar
7f7b3e2db000-7f7b3e2e6000 r--s 000bc000 08:05 12327739                   /home/eduard/anaconda3/envs/streaming/lib/python3.7/site-packages/pyspark/jars/orc-mapreduce-1.5.5-nohive.jar
7f7b3e2e6000-7f7b3e2e7000 r--s 00009000 08:05 12327606                   /home/eduard/anaconda3/envs/streaming/lib/python3.7/site-packages/pyspark/jars/hive-cli-1.2.1.spark2.jar
7f7b3e2e7000-7f7b3e2f4000 r--s 00071000 08:05 12327714                   /home/eduard/anaconda3/envs/streaming/lib/python3.7/site-packages/pyspark/jars/jackson-module-scala_2.11-2.6.7.1.jar
7f7b3e2f4000-7f7b3e31d000 r--s 001ee000 08:05 12327766                   /home/eduard/anaconda3/envs/streaming/lib/python3.7/site-packages/pyspark/jars/guava-14.0.1.jar
7f7b3e31d000-7f7b3e323000 r--s 0002c000 08:05 12327676                   /home/eduard/anaconda3/envs/streaming/lib/python3.7/site-packages/pyspark/jars/jdo-api-3.0.1.jar
7f7b3e323000-7f7b3e328000 r--s 00041000 08:05 12327691                   /home/eduard/anaconda3/envs/streaming/lib/python3.7/site-packages/pyspark/jars/parquet-hadoop-1.10.1.jar
7f7b3e328000-7f7b3e32b000 r--s 00009000 08:05 12327611                   /home/eduard/anaconda3/envs/streaming/lib/python3.7/site-packages/pyspark/jars/jackson-annotations-2.6.7.jar
7f7b3e32b000-7f7b3e32c000 r--s 00003000 08:05 12327579                   /home/eduard/anaconda3/envs/streaming/lib/python3.7/site-packages/pyspark/jars/jta-1.1.jar
7f7b3e32c000-7f7b3e330000 r--s 00015000 08:05 12327644                   /home/eduard/anaconda3/envs/streaming/lib/python3.7/site-packages/pyspark/jars/xz-1.5.jar
7f7b3e330000-7f7b3e335000 r--s 00068000 08:05 12327709                   /home/eduard/anaconda3/envs/streaming/lib/python3.7/site-packages/pyspark/jars/antlr-2.7.7.jar
7f7b3e335000-7f7b3e347000 r--s 00097000 08:05 12327727                   /home/eduard/anaconda3/envs/streaming/lib/python3.7/site-packages/pyspark/jars/apacheds-kerberos-codec-2.0.0-M15.jar
7f7b3e347000-7f7b3e431000 r--s 009a3000 08:05 12327784                   /home/eduard/anaconda3/envs/streaming/lib/python3.7/site-packages/pyspark/jars/kubernetes-model-4.6.1.jar
7f7b3e431000-7f7b3e477000 r--s 0039f000 08:05 12327774                   /home/eduard/anaconda3/envs/streaming/lib/python3.7/site-packages/pyspark/jars/netty-all-4.1.42.Final.jar
7f7b3e477000-7f7b3e492000 r--s 0012e000 08:05 12327752                   /home/eduard/anaconda3/envs/streaming/lib/python3.7/site-packages/pyspark/jars/spark-hive_2.11-2.4.5.jar
7f7b3e492000-7f7b3e59f000 r--s 00dd7000 08:05 12327788                   /home/eduard/anaconda3/envs/streaming/lib/python3.7/site-packages/pyspark/jars/scala-compiler-2.11.12.jar
7f7b3e59f000-7f7b3e5a6000 r--s 00046000 08:05 12327694                   /home/eduard/anaconda3/envs/streaming/lib/python3.7/site-packages/pyspark/jars/libfb303-0.9.3.jar
7f7b3e5a6000-7f7b3e5a8000 r--s 00008000 08:05 12327603                   /home/eduard/anaconda3/envs/streaming/lib/python3.7/site-packages/pyspark/jars/commons-compiler-3.0.9.jar
7f7b3e5a8000-7f7b3e5f5000 r--s 0041c000 08:05 12327775                   /home/eduard/anaconda3/envs/streaming/lib/python3.7/site-packages/pyspark/jars/scala-reflect-2.11.12.jar
7f7b3e5f5000-7f7b3e5f8000 r--s 0000f000 08:05 12327628                   /home/eduard/anaconda3/envs/streaming/lib/python3.7/site-packages/pyspark/jars/spark-network-shuffle_2.11-2.4.5.jar
7f7b3e5f8000-7f7b3e5fa000 r--s 00001000 08:05 12327571                   /home/eduard/anaconda3/envs/streaming/lib/python3.7/site-packages/pyspark/jars/spark-tags_2.11-2.4.5-tests.jar
7f7b3e5fa000-7f7b3e5fe000 r--s 0001a000 08:05 12327651                   /home/eduard/anaconda3/envs/streaming/lib/python3.7/site-packages/pyspark/jars/metrics-core-3.1.5.jar
7f7b3e5fe000-7f7b3e616000 r--s 00115000 08:05 12327748                   /home/eduard/anaconda3/envs/streaming/lib/python3.7/site-packages/pyspark/jars/xercesImpl-2.9.1.jar
7f7b3e616000-7f7b3e619000 r--s 0000e000 08:05 12327625                   /home/eduard/anaconda3/envs/streaming/lib/python3.7/site-packages/pyspark/jars/jersey-container-servlet-core-2.22.2.jar
7f7b3e619000-7f7b3e61b000 r--s 0001f000 08:05 12327655                   /home/eduard/anaconda3/envs/streaming/lib/python3.7/site-packages/pyspark/jars/commons-crypto-1.0.0.jar
7f7b3e61b000-7f7b3e652000 r--s 00325000 08:05 12327772                   /home/eduard/anaconda3/envs/streaming/lib/python3.7/site-packages/pyspark/jars/calcite-core-1.2.0-incubating.jar
7f7b3e652000-7f7b3e653000 r--s 00004000 08:05 12327588                   /home/eduard/anaconda3/envs/streaming/lib/python3.7/site-packages/pyspark/jars/opencsv-2.3.jar
7f7b3e653000-7f7b3e66c000 r--s 0012c000 08:05 12327751                   /home/eduard/anaconda3/envs/streaming/lib/python3.7/site-packages/pyspark/jars/netty-3.9.9.Final.jar
7f7b3e66c000-7f7b3e66e000 r--s 0000e000 08:05 12327621                   /home/eduard/anaconda3/envs/streaming/lib/python3.7/site-packages/pyspark/jars/hadoop-mapreduce-client-jobclient-2.7.3.jar
7f7b3e66e000-7f7b3e674000 r--s 00045000 08:05 12327693                   /home/eduard/anaconda3/envs/streaming/lib/python3.7/site-packages/pyspark/jars/commons-httpclient-3.1.jar
7f7b3e674000-7f7b3e675000 r--s 00009000 08:05 12327607                   /home/eduard/anaconda3/envs/streaming/lib/python3.7/site-packages/pyspark/jars/hadoop-annotations-2.7.3.jar
7f7b3e675000-7f7b3e677000 r--s 0000f000 08:05 12327626                   /home/eduard/anaconda3/envs/streaming/lib/python3.7/site-packages/pyspark/jars/activation-1.1.1.jar
7f7b3e677000-7f7b3e720000 r--s 00a4f000 08:05 12327785                   /home/eduard/anaconda3/envs/streaming/lib/python3.7/site-packages/pyspark/jars/hive-exec-1.2.1.spark2.jar
7f7b3e720000-7f7b3e721000 r--s 00000000 08:05 12327563                   /home/eduard/anaconda3/envs/streaming/lib/python3.7/site-packages/pyspark/jars/javax.inject-1.jar
7f7b3e721000-7f7b3e723000 r--s 00011000 08:05 12327631                   /home/eduard/anaconda3/envs/streaming/lib/python3.7/site-packages/pyspark/jars/spark-launcher_2.11-2.4.5.jar
7f7b3e723000-7f7b3e733000 r--s 00133000 08:05 12327750                   /home/eduard/anaconda3/envs/streaming/lib/python3.7/site-packages/pyspark/jars/arrow-vector-0.10.0.jar
7f7b3e733000-7f7b3e738000 r--s 0002a000 08:05 12327675                   /home/eduard/anaconda3/envs/streaming/lib/python3.7/site-packages/pyspark/jars/gson-2.2.4.jar
7f7b3e738000-7f7b3e73a000 r--s 00012000 08:05 12327633                   /home/eduard/anaconda3/envs/streaming/lib/python3.7/site-packages/pyspark/jars/compress-lzf-1.0.3.jar
7f7b3e73a000-7f7b3e73b000 r--s 00000000 08:05 12327564                   /home/eduard/anaconda3/envs/streaming/lib/python3.7/site-packages/pyspark/jars/macro-compat_2.11-1.1.1.jar
7f7b3e73b000-7f7b3e749000 r--s 000b1000 08:05 12327736                   /home/eduard/anaconda3/envs/streaming/lib/python3.7/site-packages/pyspark/jars/jackson-mapper-asl-1.9.13.jar
7f7b3e749000-7f7b3e74d000 r--s 0001e000 08:05 12327656                   /home/eduard/anaconda3/envs/streaming/lib/python3.7/site-packages/pyspark/jars/spark-repl_2.11-2.4.5.jar
7f7b3e74d000-7f7b3e80a000 r--s 0090a000 08:05 12327783                   /home/eduard/anaconda3/envs/streaming/lib/python3.7/site-packages/pyspark/jars/spark-catalyst_2.11-2.4.5.jar
7f7b3e80a000-7f7b3e80c000 r--s 0000f000 08:05 12327627                   /home/eduard/anaconda3/envs/streaming/lib/python3.7/site-packages/pyspark/jars/curator-client-2.7.1.jar
7f7b3e80c000-7f7b3e8d2000 r--s 008ab000 08:05 12327781                   /home/eduard/anaconda3/envs/streaming/lib/python3.7/site-packages/pyspark/jars/spark-sql_2.11-2.4.5.jar
7f7b3e8d2000-7f7b3e8da000 r--s 00059000 08:05 12327703                   /home/eduard/anaconda3/envs/streaming/lib/python3.7/site-packages/pyspark/jars/javolution-5.5.1.jar
7f7b3e8da000-7f7b3e8e1000 r--s 00058000 08:05 12327702                   /home/eduard/anaconda3/envs/streaming/lib/python3.7/site-packages/pyspark/jars/hadoop-yarn-server-common-2.7.3.jar
7f7b3e8e1000-7f7b3e8e3000 r--s 00009000 08:05 12327609                   /home/eduard/anaconda3/envs/streaming/lib/python3.7/site-packages/pyspark/jars/jackson-module-paranamer-2.7.9.jar
7f7b3e8e3000-7f7b3e8e9000 r--s 00043000 08:05 12327692                   /home/eduard/anaconda3/envs/streaming/lib/python3.7/site-packages/pyspark/jars/commons-configuration-1.6.jar
7f7b3e8e9000-7f7b3e8f4000 r--s 00062000 08:05 12327708                   /home/eduard/anaconda3/envs/streaming/lib/python3.7/site-packages/pyspark/jars/calcite-linq4j-1.2.0-incubating.jar
7f7b3e8f4000-7f7b3e8f7000 r--s 00025000 08:05 12327660                   /home/eduard/anaconda3/envs/streaming/lib/python3.7/site-packages/pyspark/jars/commons-dbcp-1.4.jar
7f7b3e8f7000-7f7b3e8fa000 r--s 00014000 08:05 12327637                   /home/eduard/anaconda3/envs/streaming/lib/python3.7/site-packages/pyspark/jars/json4s-ast_2.11-3.5.3.jar
7f7b3e8fa000-7f7b3e953000 r--s 00523000 08:05 12327777                   /home/eduard/anaconda3/envs/streaming/lib/python3.7/site-packages/pyspark/jars/scala-library-2.11.12.jar
7f7b3e953000-7f7b3e958000 r--s 00027000 08:05 12327666                   /home/eduard/anaconda3/envs/streaming/lib/python3.7/site-packages/pyspark/jars/automaton-1.11-8.jar
7f7b3e958000-7f7b3e966000 r--s 00089000 08:05 12327720                   /home/eduard/anaconda3/envs/streaming/lib/python3.7/site-packages/pyspark/jars/json4s-scalap_2.11-3.5.3.jar
7f7b3e966000-7f7b3e96b000 r--s 0003e000 08:05 12327687                   /home/eduard/anaconda3/envs/streaming/lib/python3.7/site-packages/pyspark/jars/commons-net-3.1.jar
7f7b3e96b000-7f7b3e96d000 r--s 0000e000 08:05 12327623                   /home/eduard/anaconda3/envs/streaming/lib/python3.7/site-packages/pyspark/jars/guice-servlet-3.0.jar
7f7b3e96d000-7f7b3e976000 r--s 00046000 08:05 12327695                   /home/eduard/anaconda3/envs/streaming/lib/python3.7/site-packages/pyspark/jars/jackson-dataformat-yaml-2.6.7.jar
7f7b3e976000-7f7b3e97e000 r--s 0005b000 08:05 12327704                   /home/eduard/anaconda3/envs/streaming/lib/python3.7/site-packages/pyspark/jars/univocity-parsers-2.7.3.jar
7f7b3e97e000-7f7b3e98f000 r--s 00089000 08:05 12327721                   /home/eduard/anaconda3/envs/streaming/lib/python3.7/site-packages/pyspark/jars/joda-time-2.9.3.jar
7f7b3e98f000-7f7b3e9a5000 r--s 001a4000 08:05 12327759                   /home/eduard/anaconda3/envs/streaming/lib/python3.7/site-packages/pyspark/jars/datanucleus-rdbms-3.2.9.jar
7f7b3e9a5000-7f7b3e9a9000 r--s 0002a000 08:05 12327674                   /home/eduard/anaconda3/envs/streaming/lib/python3.7/site-packages/pyspark/jars/breeze-macros_2.11-0.13.2.jar
7f7b3e9a9000-7f7b3e9ab000 r--s 00027000 08:05 12327662                   /home/eduard/anaconda3/envs/streaming/lib/python3.7/site-packages/pyspark/jars/core-1.1.2.jar
7f7b3e9ab000-7f7b3e9ac000 r--s 0000b000 08:05 12327613                   /home/eduard/anaconda3/envs/streaming/lib/python3.7/site-packages/pyspark/jars/snappy-0.2.jar
7f7b3e9ac000-7f7b3e9ae000 r--s 0000e000 08:05 12327624                   /home/eduard/anaconda3/envs/streaming/lib/python3.7/site-packages/pyspark/jars/oro-2.0.8.jar
7f7b3e9ae000-7f7b3e9bd000 r--s 00096000 08:05 12327723                   /home/eduard/anaconda3/envs/streaming/lib/python3.7/site-packages/pyspark/jars/spark-yarn_2.11-2.4.5.jar
7f7b3e9bd000-7f7b3e9c3000 r--s 0004c000 08:05 12327698                   /home/eduard/anaconda3/envs/streaming/lib/python3.7/site-packages/pyspark/jars/antlr4-runtime-4.7.jar
7f7b3e9c3000-7f7b3e9ca000 r--s 00039000 08:05 12327682                   /home/eduard/anaconda3/envs/streaming/lib/python3.7/site-packages/pyspark/jars/calcite-avatica-1.2.0-incubating.jar
7f7b3e9ca000-7f7b3e9d2000 r--s 0003b000 08:05 12327686                   /home/eduard/anaconda3/envs/streaming/lib/python3.7/site-packages/pyspark/jars/curator-recipes-2.7.1.jar
7f7b3e9d2000-7f7b3e9e1000 r--s 0009f000 08:05 12327730                   /home/eduard/anaconda3/envs/streaming/lib/python3.7/site-packages/pyspark/jars/guice-3.0.jar
7f7b3e9e1000-7f7b3e9ec000 r--s 000c5000 08:05 12327740                   /home/eduard/anaconda3/envs/streaming/lib/python3.7/site-packages/pyspark/jars/parquet-encoding-1.10.1.jar
7f7b3e9ec000-7f7b3e9ed000 r--s 00003000 08:05 12327578                   /home/eduard/anaconda3/envs/streaming/lib/python3.7/site-packages/pyspark/jars/xmlenc-0.52.jar
7f7b3e9ed000-7f7b3e9fb000 r--s 0009d000 08:05 12327728                   /home/eduard/anaconda3/envs/streaming/lib/python3.7/site-packages/pyspark/jars/jersey-common-2.22.2.jar
7f7b3e9fb000-7f7b3ea08000 r--s 000a0000 08:05 12327729                   /home/eduard/anaconda3/envs/streaming/lib/python3.7/site-packages/pyspark/jars/spark-graphx_2.11-2.4.5.jar
7f7b3ea08000-7f7b3ea1e000 r--s 00124000 08:05 12327749                   /home/eduard/anaconda3/envs/streaming/lib/python3.7/site-packages/pyspark/jars/ivy-2.4.0.jar
7f7b3ea1e000-7f7b3ea32000 r--s 0016b000 08:05 12327756                   /home/eduard/anaconda3/envs/streaming/lib/python3.7/site-packages/pyspark/jars/orc-core-1.5.5-nohive.jar
7f7b3ea32000-7f7b3ea35000 r--s 00015000 08:05 12327640                   /home/eduard/anaconda3/envs/streaming/lib/python3.7/site-packages/pyspark/jars/pyrolite-4.13.jar
7f7b3ea35000-7f7b3ea37000 r--s 00002000 08:05 12327577                   /home/eduard/anaconda3/envs/streaming/lib/python3.7/site-packages/pyspark/jars/aopalliance-repackaged-2.4.0-b34.jar
7f7b3ea37000-7f7b3ea3f000 r--s 00066000 08:05 12327710                   /home/eduard/anaconda3/envs/streaming/lib/python3.7/site-packages/pyspark/jars/apache-log4j-extras-1.2.17.jar
7f7b3ea3f000-7f7b3ea41000 r--s 0000e000 08:05 12327620                   /home/eduard/anaconda3/envs/streaming/lib/python3.7/site-packages/pyspark/jars/commons-logging-1.1.3.jar
7f7b3ea41000-7f7b3ea43000 r--s 00005000 08:05 12327593                   /home/eduard/anaconda3/envs/streaming/lib/python3.7/site-packages/pyspark/jars/javax.annotation-api-1.2.jar
7f7b3ea43000-7f7b3ea45000 r--s 00238000 08:05 12327767                   /home/eduard/anaconda3/envs/streaming/lib/python3.7/site-packages/pyspark/jars/zstd-jni-1.3.2-2.jar
7f7b3ea45000-7f7b3ea49000 r--s 0003e000 08:05 12327684                   /home/eduard/anaconda3/envs/streaming/lib/python3.7/site-packages/pyspark/jars/jline-2.14.6.jar
7f7b3ea49000-7f7b3ea4e000 r--s 0004e000 08:05 12327699                   /home/eduard/anaconda3/envs/streaming/lib/python3.7/site-packages/pyspark/jars/datanucleus-api-jdo-3.2.6.jar
7f7b3ea4e000-7f7b3ea60000 r--s 00112000 08:05 12327747                   /home/eduard/anaconda3/envs/streaming/lib/python3.7/site-packages/pyspark/jars/arpack_combined_all-0.1.jar
7f7b3ea60000-7f7b3eac3000 r--s 004de000 08:05 12327776                   /home/eduard/anaconda3/envs/streaming/lib/python3.7/site-packages/pyspark/jars/hive-metastore-1.2.1.spark2.jar
7f7b3eac3000-7f7b3eac5000 r--s 00005000 08:05 12327594                   /home/eduard/anaconda3/envs/streaming/lib/python3.7/site-packages/pyspark/jars/stax-api-1.0.1.jar
7f7b3eac5000-7f7b3eb58000 r--s 00716000 08:05 12327779                   /home/eduard/anaconda3/envs/streaming/lib/python3.7/site-packages/pyspark/jars/spark-mllib_2.11-2.4.5.jar
7f7b3eb58000-7f7b3eb69000 r--s 0010c000 08:05 12327746                   /home/eduard/anaconda3/envs/streaming/lib/python3.7/site-packages/pyspark/jars/jackson-databind-2.6.7.3.jar
7f7b3eb69000-7f7b3eb6c000 r--s 00016000 08:05 12327645                   /home/eduard/anaconda3/envs/streaming/lib/python3.7/site-packages/pyspark/jars/jsp-api-2.1.jar
7f7b3eb6c000-7f7b3eb83000 r--s 00183000 08:05 12327758                   /home/eduard/anaconda3/envs/streaming/lib/python3.7/site-packages/pyspark/jars/hadoop-yarn-common-2.7.3.jar
7f7b3eb83000-7f7b3eb84000 r--s 00006000 08:05 12327592                   /home/eduard/anaconda3/envs/streaming/lib/python3.7/site-packages/pyspark/jars/hadoop-client-2.7.3.jar
7f7b3eb84000-7f7b3eb85000 r--s 00004000 08:05 12327589                   /home/eduard/anaconda3/envs/streaming/lib/python3.7/site-packages/pyspark/jars/osgi-resource-locator-1.0.1.jar
7f7b3eb85000-7f7b3eb87000 r--s 0001c000 08:05 12327652                   /home/eduard/anaconda3/envs/streaming/lib/python3.7/site-packages/pyspark/jars/py4j-0.10.7.jar
7f7b3eb87000-7f7b3eb89000 r--s 00003000 08:05 12327582                   /home/eduard/anaconda3/envs/streaming/lib/python3.7/site-packages/pyspark/jars/jcl-over-slf4j-1.7.16.jar
7f7b3eb89000-7f7b3eb91000 r--s 0005d000 08:05 12327705                   /home/eduard/anaconda3/envs/streaming/lib/python3.7/site-packages/pyspark/jars/kryo-shaded-4.0.2.jar
7f7b3eb91000-7f7b3eb93000 r--s 00004000 08:05 12327591                   /home/eduard/anaconda3/envs/streaming/lib/python3.7/site-packages/pyspark/jars/stax-api-1.0-2.jar
7f7b3eb93000-7f7b3eb9a000 r--s 0007d000 08:05 12327717                   /home/eduard/anaconda3/envs/streaming/lib/python3.7/site-packages/pyspark/jars/jetty-6.1.26.jar
7f7b3eb9a000-7f7b3eba2000 r--s 0007b000 08:05 12327715                   /home/eduard/anaconda3/envs/streaming/lib/python3.7/site-packages/pyspark/jars/protobuf-java-2.5.0.jar
7f7b3eba2000-7f7b3eba3000 r--s 00003000 08:05 12327581                   /home/eduard/anaconda3/envs/streaming/lib/python3.7/site-packages/pyspark/jars/metrics-json-3.1.5.jar
7f7b3eba3000-7f7b3ebb0000 r--s 00083000 08:05 12327719                   /home/eduard/anaconda3/envs/streaming/lib/python3.7/site-packages/pyspark/jars/commons-collections-3.2.2.jar
7f7b3ebb0000-7f7b3ebc6000 r--s 000d3000 08:05 12327741                   /home/eduard/anaconda3/envs/streaming/lib/python3.7/site-packages/pyspark/jars/jersey-server-2.22.2.jar
7f7b3ebc6000-7f7b3ebcb000 r--s 00027000 08:05 12327668                   /home/eduard/anaconda3/envs/streaming/lib/python3.7/site-packages/pyspark/jars/hk2-api-2.4.0-b34.jar
7f7b3ebcb000-7f7b3ebfc000 rw-p 00000000 00:00 0 
7f7b3ebfc000-7f7b3ec00000 r--p 00000000 08:05 2493888                    /usr/lib/jvm/java-8-openjdk-amd64/jre/lib/amd64/libnet.so
7f7b3ec00000-7f7b3ec11000 r-xp 00004000 08:05 2493888                    /usr/lib/jvm/java-8-openjdk-amd64/jre/lib/amd64/libnet.so
7f7b3ec11000-7f7b3ec15000 r--p 00015000 08:05 2493888                    /usr/lib/jvm/java-8-openjdk-amd64/jre/lib/amd64/libnet.so
7f7b3ec15000-7f7b3ec16000 r--p 00018000 08:05 2493888                    /usr/lib/jvm/java-8-openjdk-amd64/jre/lib/amd64/libnet.so
7f7b3ec16000-7f7b3ec17000 rw-p 00019000 08:05 2493888                    /usr/lib/jvm/java-8-openjdk-amd64/jre/lib/amd64/libnet.so
7f7b3ec17000-7f7b3ec1e000 r--p 00000000 08:05 2493889                    /usr/lib/jvm/java-8-openjdk-amd64/jre/lib/amd64/libnio.so
7f7b3ec1e000-7f7b3ec27000 r-xp 00007000 08:05 2493889                    /usr/lib/jvm/java-8-openjdk-amd64/jre/lib/amd64/libnio.so
7f7b3ec27000-7f7b3ec2a000 r--p 00010000 08:05 2493889                    /usr/lib/jvm/java-8-openjdk-amd64/jre/lib/amd64/libnio.so
7f7b3ec2a000-7f7b3ec2b000 r--p 00012000 08:05 2493889                    /usr/lib/jvm/java-8-openjdk-amd64/jre/lib/amd64/libnio.so
7f7b3ec2b000-7f7b3ec2c000 rw-p 00013000 08:05 2493889                    /usr/lib/jvm/java-8-openjdk-amd64/jre/lib/amd64/libnio.so
7f7b3ec2c000-7f7b3ec4f000 rw-p 00000000 00:00 0 
7f7b3ec4f000-7f7b3ed45000 r--s 00bf8000 08:05 12327786                   /home/eduard/anaconda3/envs/streaming/lib/python3.7/site-packages/pyspark/jars/spark-core_2.11-2.4.5.jar
7f7b3ed45000-7f7b3ed46000 r--s 00004000 08:05 12327586                   /home/eduard/anaconda3/envs/streaming/lib/python3.7/site-packages/pyspark/jars/jackson-jaxrs-1.9.13.jar
7f7b3ed46000-7f7b3ed4a000 r--s 0004c000 08:05 12327696                   /home/eduard/anaconda3/envs/streaming/lib/python3.7/site-packages/pyspark/jars/RoaringBitmap-0.7.45.jar
7f7b3ed4a000-7f7b3ed4b000 r--s 00004000 08:05 12327587                   /home/eduard/anaconda3/envs/streaming/lib/python3.7/site-packages/pyspark/jars/eigenbase-properties-1.1.5.jar
7f7b3ed4b000-7f7b3ed4c000 r--s 00000000 08:05 12327565                   /home/eduard/anaconda3/envs/streaming/lib/python3.7/site-packages/pyspark/jars/kubernetes-model-common-4.6.1.jar
7f7b3ed4c000-7f7b3ed5d000 r--s 00097000 08:05 12327725                   /home/eduard/anaconda3/envs/streaming/lib/python3.7/site-packages/pyspark/jars/spark-mesos_2.11-2.4.5.jar
7f7b3ed5d000-7f7b3ed75000 r--s 000d6000 08:05 12327742                   /home/eduard/anaconda3/envs/streaming/lib/python3.7/site-packages/pyspark/jars/jersey-guava-2.22.2.jar
7f7b3ed75000-7f7b3ed7b000 r--s 00028000 08:05 12327672                   /home/eduard/anaconda3/envs/streaming/lib/python3.7/site-packages/pyspark/jars/curator-framework-2.7.1.jar
7f7b3ed7b000-7f7b3ed80000 r--s 00038000 08:05 12327681                   /home/eduard/anaconda3/envs/streaming/lib/python3.7/site-packages/pyspark/jars/commons-beanutils-1.9.4.jar
7f7b3ed80000-7f7b3ed81000 r--s 00001000 08:05 12327569                   /home/eduard/anaconda3/envs/streaming/lib/python3.7/site-packages/pyspark/jars/minlog-1.3.0.jar
7f7b3ed81000-7f7b3ed83000 r--s 00009000 08:05 12327608                   /home/eduard/anaconda3/envs/streaming/lib/python3.7/site-packages/pyspark/jars/commons-cli-1.2.jar
7f7b3ed83000-7f7b3ed8d000 r--s 0007b000 08:05 12327718                   /home/eduard/anaconda3/envs/streaming/lib/python3.7/site-packages/pyspark/jars/hadoop-mapreduce-client-app-2.7.3.jar
7f7b3ed8d000-7f7b3ed91000 r--s 00019000 08:05 12327649                   /home/eduard/anaconda3/envs/streaming/lib/python3.7/site-packages/pyspark/jars/javax.ws.rs-api-2.0.1.jar
7f7b3ed91000-7f7b3ed97000 r--s 00062000 08:05 12327706                   /home/eduard/anaconda3/envs/streaming/lib/python3.7/site-packages/pyspark/jars/okhttp-3.12.0.jar
7f7b3ed97000-7f7b3ed98000 r--s 0000a000 08:05 12327610                   /home/eduard/anaconda3/envs/streaming/lib/python3.7/site-packages/pyspark/jars/apacheds-i18n-2.0.0-M15.jar
7f7b3ed98000-7f7b3ed99000 r--s 00006000 08:05 12327595                   /home/eduard/anaconda3/envs/streaming/lib/python3.7/site-packages/pyspark/jars/jackson-xc-1.9.13.jar
7f7b3ed99000-7f7b3ed9d000 r--s 00029000 08:05 12327669                   /home/eduard/anaconda3/envs/streaming/lib/python3.7/site-packages/pyspark/jars/hk2-locator-2.4.0-b34.jar
7f7b3ed9d000-7f7b3edbe000 r--s 0015c000 08:05 12327755                   /home/eduard/anaconda3/envs/streaming/lib/python3.7/site-packages/pyspark/jars/avro-1.8.2.jar
7f7b3edbe000-7f7b3edc2000 r--s 0002a000 08:05 12327671                   /home/eduard/anaconda3/envs/streaming/lib/python3.7/site-packages/pyspark/jars/commons-io-2.4.jar
7f7b3edc2000-7f7b3edc6000 r--s 0001a000 08:05 12327650                   /home/eduard/anaconda3/envs/streaming/lib/python3.7/site-packages/pyspark/jars/hk2-utils-2.4.0-b34.jar
7f7b3edc6000-7f7b3edd3000 r--s 0009b000 08:05 12327724                   /home/eduard/anaconda3/envs/streaming/lib/python3.7/site-packages/pyspark/jars/kubernetes-client-4.6.1.jar
7f7b3edd3000-7f7b3edd7000 r--s 0002a000 08:05 12327673                   /home/eduard/anaconda3/envs/streaming/lib/python3.7/site-packages/pyspark/jars/avro-mapred-1.8.2-hadoop2.jar
7f7b3edd7000-7f7b3edf0000 r--s 00150000 08:05 12327753                   /home/eduard/anaconda3/envs/streaming/lib/python3.7/site-packages/pyspark/jars/htrace-core-3.1.0-incubating.jar
7f7b3edf0000-7f7b3edf2000 r--s 00010000 08:05 12327629                   /home/eduard/anaconda3/envs/streaming/lib/python3.7/site-packages/pyspark/jars/hadoop-mapreduce-client-shuffle-2.7.3.jar
7f7b3edf2000-7f7b3edfc000 r--s 000a5000 08:05 12327731                   /home/eduard/anaconda3/envs/streaming/lib/python3.7/site-packages/pyspark/jars/javassist-3.18.1-GA.jar
7f7b3edfc000-7f7b3edff000 r--s 00019000 08:05 12327648                   /home/eduard/anaconda3/envs/streaming/lib/python3.7/site-packages/pyspark/jars/bonecp-0.8.0.RELEASE.jar
7f7b3edff000-7f7b3ee00000 r--s 00002000 08:05 12327572                   /home/eduard/anaconda3/envs/streaming/lib/python3.7/site-packages/pyspark/jars/slf4j-log4j12-1.7.16.jar
7f7b3ee00000-7f7b3ee03000 r--s 001eb000 08:05 12327762                   /home/eduard/anaconda3/envs/streaming/lib/python3.7/site-packages/pyspark/jars/snappy-java-1.1.7.3.jar
7f7b3ee03000-7f7b3ee20000 r--s 001d5000 08:05 12327764                   /home/eduard/anaconda3/envs/streaming/lib/python3.7/site-packages/pyspark/jars/hadoop-yarn-api-2.7.3.jar
7f7b3ee20000-7f7b3ee21000 r--s 00002000 08:05 12327574                   /home/eduard/anaconda3/envs/streaming/lib/python3.7/site-packages/pyspark/jars/jpam-1.1.jar
7f7b3ee21000-7f7b3ee25000 r--s 0000c000 08:05 12327622                   /home/eduard/anaconda3/envs/streaming/lib/python3.7/site-packages/pyspark/jars/validation-api-1.1.0.Final.jar
7f7b3ee25000-7f7b3ee27000 r--s 00014000 08:05 12327635                   /home/eduard/anaconda3/envs/streaming/lib/python3.7/site-packages/pyspark/jars/spire-macros_2.11-0.13.0.jar
7f7b3ee27000-7f7b3ee29000 r--s 00007000 08:05 12327601                   /home/eduard/anaconda3/envs/streaming/lib/python3.7/site-packages/pyspark/jars/paranamer-2.8.jar
7f7b3ee29000-7f7b3ee2b000 r--s 0000d000 08:05 12327618                   /home/eduard/anaconda3/envs/streaming/lib/python3.7/site-packages/pyspark/jars/hadoop-yarn-server-web-proxy-2.7.3.jar
7f7b3ee2b000-7f7b3ee43000 r--s 001b6000 08:05 12327761                   /home/eduard/anaconda3/envs/streaming/lib/python3.7/site-packages/pyspark/jars/datanucleus-core-3.2.10.jar
7f7b3ee43000-7f7b3ee45000 r--s 00014000 08:05 12327636                   /home/eduard/anaconda3/envs/streaming/lib/python3.7/site-packages/pyspark/jars/okio-1.15.0.jar
7f7b3ee45000-7f7b3ee49000 r--s 00029000 08:05 12327670                   /home/eduard/anaconda3/envs/streaming/lib/python3.7/site-packages/pyspark/jars/spark-mllib-local_2.11-2.4.5.jar
7f7b3ee49000-7f7b3ee4f000 r--s 00063000 08:05 12327707                   /home/eduard/anaconda3/envs/streaming/lib/python3.7/site-packages/pyspark/jars/jodd-core-3.5.2.jar
7f7b3ee4f000-7f7b3ee52000 r--s 0001e000 08:05 12327654                   /home/eduard/anaconda3/envs/streaming/lib/python3.7/site-packages/pyspark/jars/aircompressor-0.10.jar
7f7b3ee52000-7f7b3ee5f000 r--s 000b1000 08:05 12327735                   /home/eduard/anaconda3/envs/streaming/lib/python3.7/site-packages/pyspark/jars/hadoop-mapreduce-client-common-2.7.3.jar
7f7b3ee5f000-7f7b3ee80000 r--s 0019b000 08:05 12327760                   /home/eduard/anaconda3/envs/streaming/lib/python3.7/site-packages/pyspark/jars/spark-hive-thriftserver_2.11-2.4.5.jar
7f7b3ee80000-7f7b3eeeb000 r--s 0093d000 08:05 12327782                   /home/eduard/anaconda3/envs/streaming/lib/python3.7/site-packages/pyspark/jars/spire_2.11-0.13.0.jar
7f7b3eeeb000-7f7b3ef56000 r--s 00784000 08:05 12327780                   /home/eduard/anaconda3/envs/streaming/lib/python3.7/site-packages/pyspark/jars/hadoop-hdfs-2.7.3.jar
7f7b3ef56000-7f7b40000000 r--p 00000000 08:05 2365687                    /usr/lib/locale/locale-archive
7f7b40000000-7f7b40021000 rw-p 00000000 00:00 0 
7f7b40021000-7f7b44000000 ---p 00000000 00:00 0 
7f7b44000000-7f7b44001000 r--s 00006000 08:05 12327596                   /home/eduard/anaconda3/envs/streaming/lib/python3.7/site-packages/pyspark/jars/orc-shims-1.5.5.jar
7f7b44001000-7f7b44002000 r--s 00001000 08:05 12327570                   /home/eduard/anaconda3/envs/streaming/lib/python3.7/site-packages/pyspark/jars/javax.inject-2.4.0-b34.jar
7f7b44002000-7f7b44005000 r--s 00026000 08:05 12327663                   /home/eduard/anaconda3/envs/streaming/lib/python3.7/site-packages/pyspark/jars/hadoop-yarn-client-2.7.3.jar
7f7b44005000-7f7b44007000 r--s 0000d000 08:05 12327619                   /home/eduard/anaconda3/envs/streaming/lib/python3.7/site-packages/pyspark/jars/chill-java-0.9.3.jar
7f7b44007000-7f7b44009000 r--s 00000000 08:05 12327567                   /home/eduard/anaconda3/envs/streaming/lib/python3.7/site-packages/pyspark/jars/aopalliance-1.0.jar
7f7b44009000-7f7b4400e000 r--s 00041000 08:05 12327688                   /home/eduard/anaconda3/envs/streaming/lib/python3.7/site-packages/pyspark/jars/xbean-asm6-shaded-4.8.jar
7f7b4400e000-7f7b44019000 r--s 000b9000 08:05 12327738                   /home/eduard/anaconda3/envs/streaming/lib/python3.7/site-packages/pyspark/jars/janino-3.0.9.jar
7f7b44019000-7f7b4401b000 r--s 00012000 08:05 12327634                   /home/eduard/anaconda3/envs/streaming/lib/python3.7/site-packages/pyspark/jars/api-util-1.0.0-M20.jar
7f7b4401b000-7f7b44022000 r--s 0003f000 08:05 12327689                   /home/eduard/anaconda3/envs/streaming/lib/python3.7/site-packages/pyspark/jars/commons-codec-1.10.jar
7f7b44022000-7f7b44024000 r--s 0000b000 08:05 12327614                   /home/eduard/anaconda3/envs/streaming/lib/python3.7/site-packages/pyspark/jars/spark-unsafe_2.11-2.4.5.jar
7f7b44024000-7f7b4402c000 r--s 0006e000 08:05 12327712                   /home/eduard/anaconda3/envs/streaming/lib/python3.7/site-packages/pyspark/jars/commons-lang3-3.5.jar
7f7b4402c000-7f7b4402e000 r--s 00003000 08:05 12327585                   /home/eduard/anaconda3/envs/streaming/lib/python3.7/site-packages/pyspark/jars/jersey-container-servlet-2.22.2.jar
7f7b4402e000-7f7b4404f000 r--s 00177000 08:05 12327757                   /home/eduard/anaconda3/envs/streaming/lib/python3.7/site-packages/pyspark/jars/hppc-0.7.2.jar
7f7b4404f000-7f7b44051000 r--s 00004000 08:05 12327590                   /home/eduard/anaconda3/envs/streaming/lib/python3.7/site-packages/pyspark/jars/metrics-graphite-3.1.5.jar
7f7b44051000-7f7b44053000 r--s 00007000 08:05 12327602                   /home/eduard/anaconda3/envs/streaming/lib/python3.7/site-packages/pyspark/jars/zjsonpatch-0.3.0.jar
7f7b44053000-7f7b44056000 r--s 0000b000 08:05 12327616                   /home/eduard/anaconda3/envs/streaming/lib/python3.7/site-packages/pyspark/jars/objenesis-2.5.1.jar
7f7b44056000-7f7b44059000 r--s 00015000 08:05 12327643                   /home/eduard/anaconda3/envs/streaming/lib/python3.7/site-packages/pyspark/jars/commons-pool-1.5.4.jar
7f7b44059000-7f7b4405b000 r--s 00002000 08:05 12327575                   /home/eduard/anaconda3/envs/streaming/lib/python3.7/site-packages/pyspark/jars/logging-interceptor-3.12.0.jar
7f7b4405b000-7f7b4405d000 r--s 00020000 08:05 12327657                   /home/eduard/anaconda3/envs/streaming/lib/python3.7/site-packages/pyspark/jars/hive-beeline-1.2.1.spark2.jar
7f7b4405d000-7f7b44061000 r--s 00025000 08:05 12327661                   /home/eduard/anaconda3/envs/streaming/lib/python3.7/site-packages/pyspark/jars/antlr-runtime-3.4.jar
7f7b44061000-7f7b44064000 r--s 0001e000 08:05 12327653                   /home/eduard/anaconda3/envs/streaming/lib/python3.7/site-packages/pyspark/jars/avro-ipc-1.8.2.jar
7f7b44064000-7f7b4406a000 r--s 0003c000 08:05 12327685                   /home/eduard/anaconda3/envs/streaming/lib/python3.7/site-packages/pyspark/jars/snakeyaml-1.15.jar
7f7b4406a000-7f7b4406c000 r--s 00003000 08:05 12327583                   /home/eduard/anaconda3/envs/streaming/lib/python3.7/site-packages/pyspark/jars/api-asn1-api-1.0.0-M20.jar
7f7b4406c000-7f7b44070000 r--s 00036000 08:05 12327680                   /home/eduard/anaconda3/envs/streaming/lib/python3.7/site-packages/pyspark/jars/ST4-4.0.4.jar
7f7b44070000-7f7b44072000 r--s 0000c000 08:05 12327617                   /home/eduard/anaconda3/envs/streaming/lib/python3.7/site-packages/pyspark/jars/spark-kvstore_2.11-2.4.5.jar
7f7b44072000-7f7b44077000 r--s 00035000 08:05 12327678                   /home/eduard/anaconda3/envs/streaming/lib/python3.7/site-packages/pyspark/jars/chill_2.11-0.9.3.jar
7f7b44077000-7f7b44082000 r--s 000b0000 08:05 12327733                   /home/eduard/anaconda3/envs/streaming/lib/python3.7/site-packages/pyspark/jars/jtransforms-2.4.0.jar
7f7b44082000-7f7b44085000 r--s 00006000 08:05 12327599                   /home/eduard/anaconda3/envs/streaming/lib/python3.7/site-packages/pyspark/jars/jsr305-1.3.9.jar
7f7b44085000-7f7b44087000 r--s 00000000 08:05 12327568                   /home/eduard/anaconda3/envs/streaming/lib/python3.7/site-packages/pyspark/jars/jul-to-slf4j-1.7.16.jar
7f7b44087000-7f7b44088000 r--s 00003000 08:05 12327580                   /home/eduard/anaconda3/envs/streaming/lib/python3.7/site-packages/pyspark/jars/spark-tags_2.11-2.4.5.jar
7f7b44088000-7f7b4408b000 r--s 000fd000 08:05 12327743                   /home/eduard/anaconda3/envs/streaming/lib/python3.7/site-packages/pyspark/jars/leveldbjni-all-1.8.jar
7f7b4408b000-7f7b4408d000 r--s 0000b000 08:05 12327615                   /home/eduard/anaconda3/envs/streaming/lib/python3.7/site-packages/pyspark/jars/arrow-format-0.10.0.jar
7f7b4408d000-7f7b4408f000 r--s 00017000 08:05 12327646                   /home/eduard/anaconda3/envs/streaming/lib/python3.7/site-packages/pyspark/jars/hive-jdbc-1.2.1.spark2.jar
7f7b4408f000-7f7b44093000 r--s 00028000 08:05 12327667                   /home/eduard/anaconda3/envs/streaming/lib/python3.7/site-packages/pyspark/jars/jetty-util-6.1.26.jar
7f7b44093000-7f7b440c9000 r--s 0031c000 08:05 12327771                   /home/eduard/anaconda3/envs/streaming/lib/python3.7/site-packages/pyspark/jars/hadoop-common-2.7.3.jar
7f7b440c9000-7f7b440cc000 r--s 00017000 08:05 12327647                   /home/eduard/anaconda3/envs/streaming/lib/python3.7/site-packages/pyspark/jars/jaxb-api-2.2.2.jar
7f7b440cc000-7f7b440f0000 r--s 001cd000 08:05 12327763                   /home/eduard/anaconda3/envs/streaming/lib/python3.7/site-packages/pyspark/jars/commons-math3-3.4.1.jar
7f7b440f0000-7f7b440f7000 r--s 00053000 08:05 12327700                   /home/eduard/anaconda3/envs/streaming/lib/python3.7/site-packages/pyspark/jars/commons-compress-1.8.1.jar
7f7b440f7000-7f7b440f8000 r--s 00000000 08:05 12327566                   /home/eduard/anaconda3/envs/streaming/lib/python3.7/site-packages/pyspark/jars/shims-0.7.45.jar
7f7b440f8000-7f7b44127000 r--s 0021a000 08:05 12327768                   /home/eduard/anaconda3/envs/streaming/lib/python3.7/site-packages/pyspark/jars/spark-network-common_2.11-2.4.5.jar
7f7b44127000-7f7b44135000 r--s 000a3000 08:05 12327732                   /home/eduard/anaconda3/envs/streaming/lib/python3.7/site-packages/pyspark/jars/parquet-format-2.4.0.jar
7f7b44135000-7f7b44139000 r--s 0003c000 08:05 12327683                   /home/eduard/anaconda3/envs/streaming/lib/python3.7/site-packages/pyspark/jars/jackson-core-2.6.7.jar
7f7b44139000-7f7b44152000 r--s 00164000 08:05 12327754                   /home/eduard/anaconda3/envs/streaming/lib/python3.7/site-packages/pyspark/jars/hadoop-mapreduce-client-core-2.7.3.jar
7f7b44152000-7f7b44154000 r--s 0000a000 08:05 12327612                   /home/eduard/anaconda3/envs/streaming/lib/python3.7/site-packages/pyspark/jars/json4s-jackson_2.11-3.5.3.jar
7f7b44154000-7f7b44183000 r--s 001e4000 08:05 12327765                   /home/eduard/anaconda3/envs/streaming/lib/python3.7/site-packages/pyspark/jars/spark-streaming_2.11-2.4.5.jar
7f7b44183000-7f7b441a6000 rw-p 00000000 00:00 0 
7f7b441a6000-7f7b4427e000 r--s 00d92000 08:05 12327787                   /home/eduard/anaconda3/envs/streaming/lib/python3.7/site-packages/pyspark/jars/breeze_2.11-0.13.2.jar
7f7b4427e000-7f7b44280000 r--s 00006000 08:05 12327597                   /home/eduard/anaconda3/envs/streaming/lib/python3.7/site-packages/pyspark/jars/spark-sketch_2.11-2.4.5.jar
7f7b44280000-7f7b44284000 r--s 00014000 08:05 12327641                   /home/eduard/anaconda3/envs/streaming/lib/python3.7/site-packages/pyspark/jars/parquet-common-1.10.1.jar
7f7b44284000-7f7b44285000 r--s 00002000 08:05 12327573                   /home/eduard/anaconda3/envs/streaming/lib/python3.7/site-packages/pyspark/jars/flatbuffers-1.2.0-3f79e055.jar
7f7b44285000-7f7b44286000 r--s 00009000 08:05 12327605                   /home/eduard/anaconda3/envs/streaming/lib/python3.7/site-packages/pyspark/jars/slf4j-api-1.7.16.jar
7f7b44286000-7f7b44293000 r--s 00077000 08:05 12327716                   /home/eduard/anaconda3/envs/streaming/lib/python3.7/site-packages/pyspark/jars/spark-kubernetes_2.11-2.4.5.jar
7f7b44293000-7f7b44296000 r--s 00028000 08:05 12327665                   /home/eduard/anaconda3/envs/streaming/lib/python3.7/site-packages/pyspark/jars/stream-2.7.0.jar
7f7b44296000-7f7b442dc000 r--s 00317000 08:05 12327773                   /home/eduard/anaconda3/envs/streaming/lib/python3.7/site-packages/pyspark/jars/shapeless_2.11-2.3.2.jar
7f7b442dc000-7f7b442e0000 r--s 00025000 08:05 12327664                   /home/eduard/anaconda3/envs/streaming/lib/python3.7/site-packages/pyspark/jars/jersey-client-2.22.2.jar
7f7b442e0000-7f7b442e2000 r--s 00015000 08:05 12327639                   /home/eduard/anaconda3/envs/streaming/lib/python3.7/site-packages/pyspark/jars/hadoop-auth-2.7.3.jar
7f7b442e2000-7f7b442e4000 r--s 00010000 08:05 12327630                   /home/eduard/anaconda3/envs/streaming/lib/python3.7/site-packages/pyspark/jars/jersey-media-jaxb-2.22.2.jar
7f7b442e4000-7f7b442e7000 r--s 00015000 08:05 12327642                   /home/eduard/anaconda3/envs/streaming/lib/python3.7/site-packages/pyspark/jars/javax.servlet-api-3.1.0.jar
7f7b442e7000-7f7b442e9000 r--s 00012000 08:05 12327632                   /home/eduard/anaconda3/envs/streaming/lib/python3.7/site-packages/pyspark/jars/arrow-memory-0.10.0.jar
7f7b442e9000-7f7b44318000 r--s 002e5000 08:05 12327770                   /home/eduard/anaconda3/envs/streaming/lib/python3.7/site-packages/pyspark/jars/derby-10.12.1.1.jar
7f7b44318000-7f7b44325000 r--s 0009c000 08:05 12327726                   /home/eduard/anaconda3/envs/streaming/lib/python3.7/site-packages/pyspark/jars/json4s-core_2.11-3.5.3.jar
7f7b44325000-7f7b4432f000 r--s 0009a000 08:05 12327722                   /home/eduard/anaconda3/envs/streaming/lib/python3.7/site-packages/pyspark/jars/scala-xml_2.11-1.0.5.jar
7f7b4432f000-7f7b44332000 r--s 00022000 08:05 12327659                   /home/eduard/anaconda3/envs/streaming/lib/python3.7/site-packages/pyspark/jars/stringtemplate-3.2.1.jar
7f7b44332000-7f7b44338000 r--s 00034000 08:05 12327679                   /home/eduard/anaconda3/envs/streaming/lib/python3.7/site-packages/pyspark/jars/libthrift-0.9.3.jar
7f7b44338000-7f7b4433c000 r--s 00035000 08:05 12327677                   /home/eduard/anaconda3/envs/streaming/lib/python3.7/site-packages/pyspark/jars/jackson-core-asl-1.9.13.jar
7f7b4433c000-7f7b4433e000 r--s 00008000 08:05 12327604                   /home/eduard/anaconda3/envs/streaming/lib/python3.7/site-packages/pyspark/jars/metrics-jvm-3.1.5.jar
7f7b4433e000-7f7b44341000 r--s 00058000 08:05 12327701                   /home/eduard/anaconda3/envs/streaming/lib/python3.7/site-packages/pyspark/jars/lz4-java-1.4.0.jar
7f7b44341000-7f7b4434d000 r--s 000b6000 08:05 12327737                   /home/eduard/anaconda3/envs/streaming/lib/python3.7/site-packages/pyspark/jars/zookeeper-3.4.6.jar
7f7b4434d000-7f7b44352000 r--s 00041000 08:05 12327690                   /home/eduard/anaconda3/envs/streaming/lib/python3.7/site-packages/pyspark/jars/commons-lang-2.6.jar
7f7b44352000-7f7b44354000 r--s 00003000 08:05 12327584                   /home/eduard/anaconda3/envs/streaming/lib/python3.7/site-packages/pyspark/jars/JavaEWAH-0.3.2.jar
7f7b44354000-7f7b44388000 r--s 00277000 08:05 12327769                   /home/eduard/anaconda3/envs/streaming/lib/python3.7/site-packages/pyspark/jars/parquet-hadoop-bundle-1.6.0.jar
7f7b44388000-7f7b44395000 r--s 000af000 08:05 12327734                   /home/eduard/anaconda3/envs/streaming/lib/python3.7/site-packages/pyspark/jars/httpclient-4.5.6.jar
7f7b44395000-7f7b443b0000 r--s 001d6000 08:05 2493915                    /usr/lib/jvm/java-8-openjdk-amd64/jre/lib/ext/nashorn.jar
7f7b443b0000-7f7b443b3000 r--s 0000f000 08:05 2493912                    /usr/lib/jvm/java-8-openjdk-amd64/jre/lib/ext/icedtea-sound.jar
7f7b443b3000-7f7b443b5000 r--s 00001000 08:05 2493911                    /usr/lib/jvm/java-8-openjdk-amd64/jre/lib/ext/dnsns.jar
7f7b443b5000-7f7b443d0000 r--s 00394000 08:05 2493910                    /usr/lib/jvm/java-8-openjdk-amd64/jre/lib/ext/cldrdata.jar
7f7b443d0000-7f7b443d1000 ---p 00000000 00:00 0 
7f7b443d1000-7f7b444d1000 rw-p 00000000 00:00 0 
7f7b444d1000-7f7b444d4000 ---p 00000000 00:00 0 
7f7b444d4000-7f7b445d2000 rw-p 00000000 00:00 0 
7f7b445d2000-7f7b445d3000 ---p 00000000 00:00 0 
7f7b445d3000-7f7b445d6000 ---p 00000000 00:00 0 
7f7b445d6000-7f7b446d3000 rw-p 00000000 00:00 0 
7f7b446d3000-7f7b446d4000 ---p 00000000 00:00 0 
7f7b446d4000-7f7b446d7000 ---p 00000000 00:00 0 
7f7b446d7000-7f7b447d4000 rw-p 00000000 00:00 0 
7f7b447d4000-7f7b447d5000 ---p 00000000 00:00 0 
7f7b447d5000-7f7b447d8000 ---p 00000000 00:00 0 
7f7b447d8000-7f7b448d5000 rw-p 00000000 00:00 0 
7f7b448d5000-7f7b448d8000 ---p 00000000 00:00 0 
7f7b448d8000-7f7b449d6000 rw-p 00000000 00:00 0 
7f7b449d6000-7f7b449d9000 ---p 00000000 00:00 0 
7f7b449d9000-7f7b44ad7000 rw-p 00000000 00:00 0 
7f7b44ad7000-7f7b44ada000 ---p 00000000 00:00 0 
7f7b44ada000-7f7b44bd8000 rw-p 00000000 00:00 0 
7f7b44bd8000-7f7b44bd9000 ---p 00000000 00:00 0 
7f7b44bd9000-7f7b45cdb000 rw-p 00000000 00:00 0 
7f7b45cdb000-7f7b45ead000 r--s 03ca5000 08:05 2493939                    /usr/lib/jvm/java-8-openjdk-amd64/jre/lib/rt.jar
7f7b45ead000-7f7b489a6000 rw-p 00000000 00:00 0 
7f7b489a6000-7f7b489a7000 ---p 00000000 00:00 0 
7f7b489a7000-7f7b48aa7000 rw-p 00000000 00:00 0 
7f7b48aa7000-7f7b48aa8000 ---p 00000000 00:00 0 
7f7b48aa8000-7f7b48ba8000 rw-p 00000000 00:00 0 
7f7b48ba8000-7f7b48ba9000 ---p 00000000 00:00 0 
7f7b48ba9000-7f7b48cd3000 rw-p 00000000 00:00 0 
7f7b48cd3000-7f7b48dff000 ---p 00000000 00:00 0 
7f7b48dff000-7f7b48e29000 rw-p 00000000 00:00 0 
7f7b48e29000-7f7b48f54000 ---p 00000000 00:00 0 
7f7b48f54000-7f7b48f79000 rw-p 00000000 00:00 0 
7f7b48f79000-7f7b48fff000 ---p 00000000 00:00 0 
7f7b48fff000-7f7b49000000 rw-p 00000000 00:00 0 
7f7b49000000-7f7b49470000 rwxp 00000000 00:00 0 
7f7b49470000-7f7b58000000 ---p 00000000 00:00 0 
7f7b58000000-7f7b590f6000 rw-p 00000000 00:00 0 
7f7b590f6000-7f7b5c000000 ---p 00000000 00:00 0 
7f7b5c000000-7f7b5c001000 r--s 00007000 08:05 12327598                   /home/eduard/anaconda3/envs/streaming/lib/python3.7/site-packages/pyspark/jars/jackson-module-jaxb-annotations-2.6.7.jar
7f7b5c001000-7f7b5c005000 r--s 0003a000 08:05 2493918                    /usr/lib/jvm/java-8-openjdk-amd64/jre/lib/ext/sunpkcs11.jar
7f7b5c005000-7f7b5c00b000 r--s 0003d000 08:05 2493917                    /usr/lib/jvm/java-8-openjdk-amd64/jre/lib/ext/sunjce_provider.jar
7f7b5c00b000-7f7b5c015000 r--s 00116000 08:05 2493914                    /usr/lib/jvm/java-8-openjdk-amd64/jre/lib/ext/localedata.jar
7f7b5c015000-7f7b5c016000 r--s 00010000 08:05 2493919                    /usr/lib/jvm/java-8-openjdk-amd64/jre/lib/ext/zipfs.jar
7f7b5c016000-7f7b5c018000 r--s 0000c000 08:05 3151771                    /usr/share/java/java-atk-wrapper.jar
7f7b5c018000-7f7b5c02c000 rw-p 00000000 00:00 0 
7f7b5c02c000-7f7b5c02d000 ---p 00000000 00:00 0 
7f7b5c02d000-7f7b5c13f000 rw-p 00000000 00:00 0 
7f7b5c13f000-7f7b5c4ed000 ---p 00000000 00:00 0 
7f7b5c4ed000-7f7b5c4f0000 r--p 00000000 08:05 2367118                    /usr/lib/x86_64-linux-gnu/libnss_files-2.31.so
7f7b5c4f0000-7f7b5c4f7000 r-xp 00003000 08:05 2367118                    /usr/lib/x86_64-linux-gnu/libnss_files-2.31.so
7f7b5c4f7000-7f7b5c4f9000 r--p 0000a000 08:05 2367118                    /usr/lib/x86_64-linux-gnu/libnss_files-2.31.so
7f7b5c4f9000-7f7b5c4fa000 r--p 0000b000 08:05 2367118                    /usr/lib/x86_64-linux-gnu/libnss_files-2.31.so
7f7b5c4fa000-7f7b5c4fb000 rw-p 0000c000 08:05 2367118                    /usr/lib/x86_64-linux-gnu/libnss_files-2.31.so
7f7b5c4fb000-7f7b5c501000 rw-p 00000000 00:00 0 
7f7b5c501000-7f7b5c502000 r--s 0000a000 08:05 2493913                    /usr/lib/jvm/java-8-openjdk-amd64/jre/lib/ext/jaccess.jar
7f7b5c502000-7f7b5c505000 r--p 00000000 08:05 2493896                    /usr/lib/jvm/java-8-openjdk-amd64/jre/lib/amd64/libzip.so
7f7b5c505000-7f7b5c50a000 r-xp 00003000 08:05 2493896                    /usr/lib/jvm/java-8-openjdk-amd64/jre/lib/amd64/libzip.so
7f7b5c50a000-7f7b5c50c000 r--p 00008000 08:05 2493896                    /usr/lib/jvm/java-8-openjdk-amd64/jre/lib/amd64/libzip.so
7f7b5c50c000-7f7b5c50d000 r--p 00009000 08:05 2493896                    /usr/lib/jvm/java-8-openjdk-amd64/jre/lib/amd64/libzip.so
7f7b5c50d000-7f7b5c50e000 rw-p 0000a000 08:05 2493896                    /usr/lib/jvm/java-8-openjdk-amd64/jre/lib/amd64/libzip.so
7f7b5c50e000-7f7b5c516000 rw-s 00000000 08:05 7995448                    /tmp/hsperfdata_eduard/16548
7f7b5c516000-7f7b5c523000 r--p 00000000 08:05 2493877                    /usr/lib/jvm/java-8-openjdk-amd64/jre/lib/amd64/libjava.so
7f7b5c523000-7f7b5c53b000 r-xp 0000d000 08:05 2493877                    /usr/lib/jvm/java-8-openjdk-amd64/jre/lib/amd64/libjava.so
7f7b5c53b000-7f7b5c542000 r--p 00025000 08:05 2493877                    /usr/lib/jvm/java-8-openjdk-amd64/jre/lib/amd64/libjava.so
7f7b5c542000-7f7b5c543000 r--p 0002b000 08:05 2493877                    /usr/lib/jvm/java-8-openjdk-amd64/jre/lib/amd64/libjava.so
7f7b5c543000-7f7b5c545000 rw-p 0002c000 08:05 2493877                    /usr/lib/jvm/java-8-openjdk-amd64/jre/lib/amd64/libjava.so
7f7b5c545000-7f7b5c548000 r--p 00000000 08:05 2367320                    /usr/lib/x86_64-linux-gnu/librt-2.31.so
7f7b5c548000-7f7b5c54c000 r-xp 00003000 08:05 2367320                    /usr/lib/x86_64-linux-gnu/librt-2.31.so
7f7b5c54c000-7f7b5c54d000 r--p 00007000 08:05 2367320                    /usr/lib/x86_64-linux-gnu/librt-2.31.so
7f7b5c54d000-7f7b5c54e000 ---p 00008000 08:05 2367320                    /usr/lib/x86_64-linux-gnu/librt-2.31.so
7f7b5c54e000-7f7b5c54f000 r--p 00008000 08:05 2367320                    /usr/lib/x86_64-linux-gnu/librt-2.31.so
7f7b5c54f000-7f7b5c550000 rw-p 00009000 08:05 2367320                    /usr/lib/x86_64-linux-gnu/librt-2.31.so
7f7b5c550000-7f7b5c551000 ---p 00000000 00:00 0 
7f7b5c551000-7f7b5c554000 ---p 00000000 00:00 0 
7f7b5c554000-7f7b5c651000 rw-p 00000000 00:00 0 
7f7b5c651000-7f7b5c654000 r--p 00000000 08:05 2366641                    /usr/lib/x86_64-linux-gnu/libgcc_s.so.1
7f7b5c654000-7f7b5c666000 r-xp 00003000 08:05 2366641                    /usr/lib/x86_64-linux-gnu/libgcc_s.so.1
7f7b5c666000-7f7b5c66a000 r--p 00015000 08:05 2366641                    /usr/lib/x86_64-linux-gnu/libgcc_s.so.1
7f7b5c66a000-7f7b5c66b000 r--p 00018000 08:05 2366641                    /usr/lib/x86_64-linux-gnu/libgcc_s.so.1
7f7b5c66b000-7f7b5c66c000 rw-p 00019000 08:05 2366641                    /usr/lib/x86_64-linux-gnu/libgcc_s.so.1
7f7b5c66c000-7f7b5c67b000 r--p 00000000 08:05 2366994                    /usr/lib/x86_64-linux-gnu/libm-2.31.so
7f7b5c67b000-7f7b5c722000 r-xp 0000f000 08:05 2366994                    /usr/lib/x86_64-linux-gnu/libm-2.31.so
7f7b5c722000-7f7b5c7b9000 r--p 000b6000 08:05 2366994                    /usr/lib/x86_64-linux-gnu/libm-2.31.so
7f7b5c7b9000-7f7b5c7ba000 r--p 0014c000 08:05 2366994                    /usr/lib/x86_64-linux-gnu/libm-2.31.so
7f7b5c7ba000-7f7b5c7bb000 rw-p 0014d000 08:05 2366994                    /usr/lib/x86_64-linux-gnu/libm-2.31.so
7f7b5c7bb000-7f7b5c851000 r--p 00000000 08:05 2367422                    /usr/lib/x86_64-linux-gnu/libstdc++.so.6.0.28
7f7b5c851000-7f7b5c941000 r-xp 00096000 08:05 2367422                    /usr/lib/x86_64-linux-gnu/libstdc++.so.6.0.28
7f7b5c941000-7f7b5c98a000 r--p 00186000 08:05 2367422                    /usr/lib/x86_64-linux-gnu/libstdc++.so.6.0.28
7f7b5c98a000-7f7b5c98b000 ---p 001cf000 08:05 2367422                    /usr/lib/x86_64-linux-gnu/libstdc++.so.6.0.28
7f7b5c98b000-7f7b5c996000 r--p 001cf000 08:05 2367422                    /usr/lib/x86_64-linux-gnu/libstdc++.so.6.0.28
7f7b5c996000-7f7b5c999000 rw-p 001da000 08:05 2367422                    /usr/lib/x86_64-linux-gnu/libstdc++.so.6.0.28
7f7b5c999000-7f7b5c99c000 rw-p 00000000 00:00 0 
7f7b5c99c000-7f7b5cb8c000 r--p 00000000 08:05 2493899                    /usr/lib/jvm/java-8-openjdk-amd64/jre/lib/amd64/server/libjvm.so
7f7b5cb8c000-7f7b5d450000 r-xp 001f0000 08:05 2493899                    /usr/lib/jvm/java-8-openjdk-amd64/jre/lib/amd64/server/libjvm.so
7f7b5d450000-7f7b5d5ed000 r--p 00ab4000 08:05 2493899                    /usr/lib/jvm/java-8-openjdk-amd64/jre/lib/amd64/server/libjvm.so
7f7b5d5ed000-7f7b5d5ee000 ---p 00c51000 08:05 2493899                    /usr/lib/jvm/java-8-openjdk-amd64/jre/lib/amd64/server/libjvm.so
7f7b5d5ee000-7f7b5d682000 r--p 00c51000 08:05 2493899                    /usr/lib/jvm/java-8-openjdk-amd64/jre/lib/amd64/server/libjvm.so
7f7b5d682000-7f7b5d6ab000 rw-p 00ce5000 08:05 2493899                    /usr/lib/jvm/java-8-openjdk-amd64/jre/lib/amd64/server/libjvm.so
7f7b5d6ab000-7f7b5d6dd000 rw-p 00000000 00:00 0 
7f7b5d6dd000-7f7b5d6e4000 r--p 00000000 08:05 2367259                    /usr/lib/x86_64-linux-gnu/libpthread-2.31.so
7f7b5d6e4000-7f7b5d6f5000 r-xp 00007000 08:05 2367259                    /usr/lib/x86_64-linux-gnu/libpthread-2.31.so
7f7b5d6f5000-7f7b5d6fa000 r--p 00018000 08:05 2367259                    /usr/lib/x86_64-linux-gnu/libpthread-2.31.so
7f7b5d6fa000-7f7b5d6fb000 r--p 0001c000 08:05 2367259                    /usr/lib/x86_64-linux-gnu/libpthread-2.31.so
7f7b5d6fb000-7f7b5d6fc000 rw-p 0001d000 08:05 2367259                    /usr/lib/x86_64-linux-gnu/libpthread-2.31.so
7f7b5d6fc000-7f7b5d700000 rw-p 00000000 00:00 0 
7f7b5d700000-7f7b5d701000 r--p 00000000 08:05 2366491                    /usr/lib/x86_64-linux-gnu/libdl-2.31.so
7f7b5d701000-7f7b5d703000 r-xp 00001000 08:05 2366491                    /usr/lib/x86_64-linux-gnu/libdl-2.31.so
7f7b5d703000-7f7b5d704000 r--p 00003000 08:05 2366491                    /usr/lib/x86_64-linux-gnu/libdl-2.31.so
7f7b5d704000-7f7b5d705000 r--p 00003000 08:05 2366491                    /usr/lib/x86_64-linux-gnu/libdl-2.31.so
7f7b5d705000-7f7b5d706000 rw-p 00004000 08:05 2366491                    /usr/lib/x86_64-linux-gnu/libdl-2.31.so
7f7b5d706000-7f7b5d708000 r--p 00000000 08:05 2367684                    /usr/lib/x86_64-linux-gnu/libz.so.1.2.11
7f7b5d708000-7f7b5d719000 r-xp 00002000 08:05 2367684                    /usr/lib/x86_64-linux-gnu/libz.so.1.2.11
7f7b5d719000-7f7b5d71f000 r--p 00013000 08:05 2367684                    /usr/lib/x86_64-linux-gnu/libz.so.1.2.11
7f7b5d71f000-7f7b5d720000 ---p 00019000 08:05 2367684                    /usr/lib/x86_64-linux-gnu/libz.so.1.2.11
7f7b5d720000-7f7b5d721000 r--p 00019000 08:05 2367684                    /usr/lib/x86_64-linux-gnu/libz.so.1.2.11
7f7b5d721000-7f7b5d722000 rw-p 0001a000 08:05 2367684                    /usr/lib/x86_64-linux-gnu/libz.so.1.2.11
7f7b5d722000-7f7b5d747000 r--p 00000000 08:05 2366356                    /usr/lib/x86_64-linux-gnu/libc-2.31.so
7f7b5d747000-7f7b5d8bf000 r-xp 00025000 08:05 2366356                    /usr/lib/x86_64-linux-gnu/libc-2.31.so
7f7b5d8bf000-7f7b5d909000 r--p 0019d000 08:05 2366356                    /usr/lib/x86_64-linux-gnu/libc-2.31.so
7f7b5d909000-7f7b5d90a000 ---p 001e7000 08:05 2366356                    /usr/lib/x86_64-linux-gnu/libc-2.31.so
7f7b5d90a000-7f7b5d90d000 r--p 001e7000 08:05 2366356                    /usr/lib/x86_64-linux-gnu/libc-2.31.so
7f7b5d90d000-7f7b5d910000 rw-p 001ea000 08:05 2366356                    /usr/lib/x86_64-linux-gnu/libc-2.31.so
7f7b5d910000-7f7b5d914000 rw-p 00000000 00:00 0 
7f7b5d914000-7f7b5d915000 r--s 0000d000 08:05 2493916                    /usr/lib/jvm/java-8-openjdk-amd64/jre/lib/ext/sunec.jar
7f7b5d915000-7f7b5d916000 rw-p 00000000 00:00 0 
7f7b5d916000-7f7b5d91b000 r--p 00000000 08:05 2493895                    /usr/lib/jvm/java-8-openjdk-amd64/jre/lib/amd64/libverify.so
7f7b5d91b000-7f7b5d924000 r-xp 00005000 08:05 2493895                    /usr/lib/jvm/java-8-openjdk-amd64/jre/lib/amd64/libverify.so
7f7b5d924000-7f7b5d926000 r--p 0000e000 08:05 2493895                    /usr/lib/jvm/java-8-openjdk-amd64/jre/lib/amd64/libverify.so
7f7b5d926000-7f7b5d928000 r--p 0000f000 08:05 2493895                    /usr/lib/jvm/java-8-openjdk-amd64/jre/lib/amd64/libverify.so
7f7b5d928000-7f7b5d929000 rw-p 00011000 08:05 2493895                    /usr/lib/jvm/java-8-openjdk-amd64/jre/lib/amd64/libverify.so
7f7b5d929000-7f7b5d92c000 r--p 00000000 08:05 2493863                    /usr/lib/jvm/java-8-openjdk-amd64/jre/lib/amd64/jli/libjli.so
7f7b5d92c000-7f7b5d936000 r-xp 00003000 08:05 2493863                    /usr/lib/jvm/java-8-openjdk-amd64/jre/lib/amd64/jli/libjli.so
7f7b5d936000-7f7b5d939000 r--p 0000d000 08:05 2493863                    /usr/lib/jvm/java-8-openjdk-amd64/jre/lib/amd64/jli/libjli.so
7f7b5d939000-7f7b5d93a000 r--p 0000f000 08:05 2493863                    /usr/lib/jvm/java-8-openjdk-amd64/jre/lib/amd64/jli/libjli.so
7f7b5d93a000-7f7b5d93b000 rw-p 00010000 08:05 2493863                    /usr/lib/jvm/java-8-openjdk-amd64/jre/lib/amd64/jli/libjli.so
7f7b5d93b000-7f7b5d93d000 rw-p 00000000 00:00 0 
7f7b5d93d000-7f7b5d93e000 r--p 00000000 08:05 2366143                    /usr/lib/x86_64-linux-gnu/ld-2.31.so
7f7b5d93e000-7f7b5d961000 r-xp 00001000 08:05 2366143                    /usr/lib/x86_64-linux-gnu/ld-2.31.so
7f7b5d961000-7f7b5d969000 r--p 00024000 08:05 2366143                    /usr/lib/x86_64-linux-gnu/ld-2.31.so
7f7b5d969000-7f7b5d96a000 r--p 00000000 00:00 0 
7f7b5d96a000-7f7b5d96b000 r--p 0002c000 08:05 2366143                    /usr/lib/x86_64-linux-gnu/ld-2.31.so
7f7b5d96b000-7f7b5d96c000 rw-p 0002d000 08:05 2366143                    /usr/lib/x86_64-linux-gnu/ld-2.31.so
7f7b5d96c000-7f7b5d96d000 rw-p 00000000 00:00 0 
7ffcd07d2000-7ffcd07f4000 rw-p 00000000 00:00 0                          [stack]
7ffcd07fb000-7ffcd07fe000 r--p 00000000 00:00 0                          [vvar]
7ffcd07fe000-7ffcd07ff000 r-xp 00000000 00:00 0                          [vdso]
ffffffffff600000-ffffffffff601000 --xp 00000000 00:00 0                  [vsyscall]

VM Arguments:
jvm_args: -Xmx1g 
java_command: org.apache.spark.deploy.SparkSubmit pyspark-shell
java_class_path (initial): /home/eduard/anaconda3/envs/streaming/lib/python3.7/site-packages/pyspark/conf:/home/eduard/anaconda3/envs/streaming/lib/python3.7/site-packages/pyspark/jars/httpclient-4.5.6.jar:/home/eduard/anaconda3/envs/streaming/lib/python3.7/site-packages/pyspark/jars/parquet-hadoop-bundle-1.6.0.jar:/home/eduard/anaconda3/envs/streaming/lib/python3.7/site-packages/pyspark/jars/JavaEWAH-0.3.2.jar:/home/eduard/anaconda3/envs/streaming/lib/python3.7/site-packages/pyspark/jars/jackson-module-jaxb-annotations-2.6.7.jar:/home/eduard/anaconda3/envs/streaming/lib/python3.7/site-packages/pyspark/jars/commons-lang-2.6.jar:/home/eduard/anaconda3/envs/streaming/lib/python3.7/site-packages/pyspark/jars/zookeeper-3.4.6.jar:/home/eduard/anaconda3/envs/streaming/lib/python3.7/site-packages/pyspark/jars/lz4-java-1.4.0.jar:/home/eduard/anaconda3/envs/streaming/lib/python3.7/site-packages/pyspark/jars/metrics-jvm-3.1.5.jar:/home/eduard/anaconda3/envs/streaming/lib/python3.7/site-packages/pyspark/jars/jackson-core-asl-1.9.13.jar:/home/eduard/anaconda3/envs/streaming/lib/python3.7/site-packages/pyspark/jars/libthrift-0.9.3.jar:/home/eduard/anaconda3/envs/streaming/lib/python3.7/site-packages/pyspark/jars/stringtemplate-3.2.1.jar:/home/eduard/anaconda3/envs/streaming/lib/python3.7/site-packages/pyspark/jars/scala-xml_2.11-1.0.5.jar:/home/eduard/anaconda3/envs/streaming/lib/python3.7/site-packages/pyspark/jars/json4s-core_2.11-3.5.3.jar:/home/eduard/anaconda3/envs/streaming/lib/python3.7/site-packages/pyspark/jars/derby-10.12.1.1.jar:/home/eduard/anaconda3/envs/streaming/lib/python3.7/site-packages/pyspark/jars/arrow-memory-0.10.0.jar:/home/eduard/anaconda3/envs/streaming/lib/python3.7/site-packages/pyspark/jars/javax.servlet-api-3.1.0.jar:/home/eduard/anaconda3/envs/streaming/lib/python3.7/site-packages/pyspark/jars/jersey-media-jaxb-2.22.2.jar:/home/eduard/anaconda3/envs/streaming/lib/python3.7/site-packages/pyspark/jars/hadoop-auth-2.7.3.jar:/home/eduard/anaconda3/env
Launcher Type: SUN_STANDARD

Environment Variables:
PATH=/home/eduard/anaconda3/envs/streaming/bin:/home/eduard/anaconda3/condabin:/home/eduard/.local/bin:/usr/local/sbin:/usr/local/bin:/usr/sbin:/usr/bin:/sbin:/bin:/usr/games:/usr/local/games:/snap/bin
USERNAME=eduard
SHELL=/bin/bash
DISPLAY=:1

Signal Handlers:
SIGSEGV: [libjvm.so+0xa90220], sa_mask[0]=11111111011111111101111111111110, sa_flags=SA_RESTART|SA_SIGINFO
SIGBUS: [libjvm.so+0xa90220], sa_mask[0]=11111111011111111101111111111110, sa_flags=SA_RESTART|SA_SIGINFO
SIGFPE: [libjvm.so+0x8e9110], sa_mask[0]=11111111011111111101111111111110, sa_flags=SA_RESTART|SA_SIGINFO
SIGPIPE: [libjvm.so+0x8e9110], sa_mask[0]=11111111011111111101111111111110, sa_flags=SA_RESTART|SA_SIGINFO
SIGXFSZ: [libjvm.so+0x8e9110], sa_mask[0]=11111111011111111101111111111110, sa_flags=SA_RESTART|SA_SIGINFO
SIGILL: [libjvm.so+0x8e9110], sa_mask[0]=11111111011111111101111111111110, sa_flags=SA_RESTART|SA_SIGINFO
SIGUSR1: SIG_DFL, sa_mask[0]=00000000000000000000000000000000, sa_flags=none
SIGUSR2: [libjvm.so+0x8e8fc0], sa_mask[0]=00000000000000000000000000000000, sa_flags=SA_RESTART|SA_SIGINFO
SIGHUP: [libjvm.so+0x8e9390], sa_mask[0]=11111111011111111101111111111110, sa_flags=SA_RESTART|SA_SIGINFO
SIGINT: SIG_IGN, sa_mask[0]=00000000000000000000000000000000, sa_flags=none
SIGTERM: [libjvm.so+0x8e9390], sa_mask[0]=11111111011111111101111111111110, sa_flags=SA_RESTART|SA_SIGINFO
SIGQUIT: [libjvm.so+0x8e9390], sa_mask[0]=11111111011111111101111111111110, sa_flags=SA_RESTART|SA_SIGINFO


---------------  S Y S T E M  ---------------

OS:DISTRIB_ID=Ubuntu
DISTRIB_RELEASE=20.04
DISTRIB_CODENAME=focal
DISTRIB_DESCRIPTION="Ubuntu 20.04 LTS"

uname:Linux 5.4.0-29-generic #33-Ubuntu SMP Wed Apr 29 14:32:27 UTC 2020 x86_64
libc:glibc 2.31 NPTL 2.31 
rlimit: STACK 8192k, CORE 0k, NPROC 31451, NOFILE 1048576, AS infinity
load average:0,25 0,21 0,60

/proc/meminfo:
MemTotal:        8107828 kB
MemFree:         1161512 kB
MemAvailable:    2186992 kB
Buffers:           97512 kB
Cached:          1724380 kB
SwapCached:         4260 kB
Active:          4562812 kB
Inactive:        1785352 kB
Active(anon):    3840532 kB
Inactive(anon):  1317164 kB
Active(file):     722280 kB
Inactive(file):   468188 kB
Unevictable:          32 kB
Mlocked:              32 kB
SwapTotal:       2097148 kB
SwapFree:        1974012 kB
Dirty:             23432 kB
Writeback:             4 kB
AnonPages:       4523656 kB
Mapped:          1386452 kB
Shmem:            639016 kB
KReclaimable:     108676 kB
Slab:             270536 kB
SReclaimable:     108676 kB
SUnreclaim:       161860 kB
KernelStack:       21072 kB
PageTables:        49528 kB
NFS_Unstable:          0 kB
Bounce:                0 kB
WritebackTmp:          0 kB
CommitLimit:     6151060 kB
Committed_AS:   13757016 kB
VmallocTotal:   34359738367 kB
VmallocUsed:       61360 kB
VmallocChunk:          0 kB
Percpu:             3040 kB
HardwareCorrupted:     0 kB
AnonHugePages:         0 kB
ShmemHugePages:        0 kB
ShmemPmdMapped:        0 kB
FileHugePages:         0 kB
FilePmdMapped:         0 kB
CmaTotal:              0 kB
CmaFree:               0 kB
HugePages_Total:       0
HugePages_Free:        0
HugePages_Rsvd:        0
HugePages_Surp:        0
Hugepagesize:       2048 kB
Hugetlb:               0 kB
DirectMap4k:      567268 kB
DirectMap2M:     7776256 kB

container (cgroup) information:
container_type: cgroupv1
cpu_cpuset_cpus: 0-3
cpu_memory_nodes: 0
active_processor_count: 4
cpu_quota: -1
cpu_period: 100000
cpu_shares: -1
memory_limit_in_bytes: -1
memory_and_swap_limit_in_bytes: -2
memory_soft_limit_in_bytes: -1
memory_usage_in_bytes: 5300277248
memory_max_usage_in_bytes: 6398263296


CPU:total 4 (initial active 4) (4 cores per cpu, 1 threads per core) family 6 model 58 stepping 9, cmov, cx8, fxsr, mmx, sse, sse2, sse3, ssse3, sse4.1, sse4.2, popcnt, avx, aes, clmul, erms, tsc, tscinvbit, tscinv

/proc/cpuinfo:
processor	: 0
vendor_id	: GenuineIntel
cpu family	: 6
model		: 58
model name	: Intel(R) Core(TM) i5-3570K CPU @ 3.40GHz
stepping	: 9
microcode	: 0x21
cpu MHz		: 2966.513
cache size	: 6144 KB
physical id	: 0
siblings	: 4
core id		: 0
cpu cores	: 4
apicid		: 0
initial apicid	: 0
fpu		: yes
fpu_exception	: yes
cpuid level	: 13
wp		: yes
flags		: fpu vme de pse tsc msr pae mce cx8 apic sep mtrr pge mca cmov pat pse36 clflush dts acpi mmx fxsr sse sse2 ss ht tm pbe syscall nx rdtscp lm constant_tsc arch_perfmon pebs bts rep_good nopl xtopology nonstop_tsc cpuid aperfmperf pni pclmulqdq dtes64 monitor ds_cpl vmx est tm2 ssse3 cx16 xtpr pdcm pcid sse4_1 sse4_2 popcnt tsc_deadline_timer aes xsave avx f16c rdrand lahf_lm cpuid_fault epb pti ssbd ibrs ibpb stibp tpr_shadow vnmi flexpriority ept vpid fsgsbase smep erms xsaveopt dtherm ida arat pln pts md_clear flush_l1d
bugs		: cpu_meltdown spectre_v1 spectre_v2 spec_store_bypass l1tf mds swapgs itlb_multihit
bogomips	: 6820.38
clflush size	: 64
cache_alignment	: 64
address sizes	: 36 bits physical, 48 bits virtual
power management:

processor	: 1
vendor_id	: GenuineIntel
cpu family	: 6
model		: 58
model name	: Intel(R) Core(TM) i5-3570K CPU @ 3.40GHz
stepping	: 9
microcode	: 0x21
cpu MHz		: 2430.145
cache size	: 6144 KB
physical id	: 0
siblings	: 4
core id		: 1
cpu cores	: 4
apicid		: 2
initial apicid	: 2
fpu		: yes
fpu_exception	: yes
cpuid level	: 13
wp		: yes
flags		: fpu vme de pse tsc msr pae mce cx8 apic sep mtrr pge mca cmov pat pse36 clflush dts acpi mmx fxsr sse sse2 ss ht tm pbe syscall nx rdtscp lm constant_tsc arch_perfmon pebs bts rep_good nopl xtopology nonstop_tsc cpuid aperfmperf pni pclmulqdq dtes64 monitor ds_cpl vmx est tm2 ssse3 cx16 xtpr pdcm pcid sse4_1 sse4_2 popcnt tsc_deadline_timer aes xsave avx f16c rdrand lahf_lm cpuid_fault epb pti ssbd ibrs ibpb stibp tpr_shadow vnmi flexpriority ept vpid fsgsbase smep erms xsaveopt dtherm ida arat pln pts md_clear flush_l1d
bugs		: cpu_meltdown spectre_v1 spectre_v2 spec_store_bypass l1tf mds swapgs itlb_multihit
bogomips	: 6820.38
clflush size	: 64
cache_alignment	: 64
address sizes	: 36 bits physical, 48 bits virtual
power management:

processor	: 2
vendor_id	: GenuineIntel
cpu family	: 6
model		: 58
model name	: Intel(R) Core(TM) i5-3570K CPU @ 3.40GHz
stepping	: 9
microcode	: 0x21
cpu MHz		: 2331.818
cache size	: 6144 KB
physical id	: 0
siblings	: 4
core id		: 2
cpu cores	: 4
apicid		: 4
initial apicid	: 4
fpu		: yes
fpu_exception	: yes
cpuid level	: 13
wp		: yes
flags		: fpu vme de pse tsc msr pae mce cx8 apic sep mtrr pge mca cmov pat pse36 clflush dts acpi mmx fxsr sse sse2 ss ht tm pbe syscall nx rdtscp lm constant_tsc arch_perfmon pebs bts rep_good nopl xtopology nonstop_tsc cpuid aperfmperf pni pclmulqdq dtes64 monitor ds_cpl vmx est tm2 ssse3 cx16 xtpr pdcm pcid sse4_1 sse4_2 popcnt tsc_deadline_timer aes xsave avx f16c rdrand lahf_lm cpuid_fault epb pti ssbd ibrs ibpb stibp tpr_shadow vnmi flexpriority ept vpid fsgsbase smep erms xsaveopt dtherm ida arat pln pts md_clear flush_l1d
bugs		: cpu_meltdown spectre_v1 spectre_v2 spec_store_bypass l1tf mds swapgs itlb_multihit
bogomips	: 6820.38
clflush size	: 64
cache_alignment	: 64
address sizes	: 36 bits physical, 48 bits virtual
power management:

processor	: 3
vendor_id	: GenuineIntel
cpu family	: 6
model		: 58
model name	: Intel(R) Core(TM) i5-3570K CPU @ 3.40GHz
stepping	: 9
microcode	: 0x21
cpu MHz		: 2502.393
cache size	: 6144 KB
physical id	: 0
siblings	: 4
core id		: 3
cpu cores	: 4
apicid		: 6
initial apicid	: 6
fpu		: yes
fpu_exception	: yes
cpuid level	: 13
wp		: yes
flags		: fpu vme de pse tsc msr pae mce cx8 apic sep mtrr pge mca cmov pat pse36 clflush dts acpi mmx fxsr sse sse2 ss ht tm pbe syscall nx rdtscp lm constant_tsc arch_perfmon pebs bts rep_good nopl xtopology nonstop_tsc cpuid aperfmperf pni pclmulqdq dtes64 monitor ds_cpl vmx est tm2 ssse3 cx16 xtpr pdcm pcid sse4_1 sse4_2 popcnt tsc_deadline_timer aes xsave avx f16c rdrand lahf_lm cpuid_fault epb pti ssbd ibrs ibpb stibp tpr_shadow vnmi flexpriority ept vpid fsgsbase smep erms xsaveopt dtherm ida arat pln pts md_clear flush_l1d
bugs		: cpu_meltdown spectre_v1 spectre_v2 spec_store_bypass l1tf mds swapgs itlb_multihit
bogomips	: 6820.38
clflush size	: 64
cache_alignment	: 64
address sizes	: 36 bits physical, 48 bits virtual
power management:



Memory: 4k page, physical 8107828k(1161512k free), swap 2097148k(1974012k free)

vm_info: OpenJDK 64-Bit Server VM (25.252-b09) for linux-amd64 JRE (1.8.0_252-8u252-b09-1ubuntu1-b09), built on Apr 16 2020 08:47:49 by "buildd" with gcc 9.3.0

time: Sat May 16 17:29:41 2020
timezone: EEST
elapsed time: 2096 seconds (0d 0h 34m 56s)

